Removed Pin From Net: NetName=USB_D- Pin=R16-2
Change Component Comment : Designator=C12 Old Comment=1uF New Comment=1uF/25V
Change Component Comment : Designator=C8 Old Comment=1uF New Comment=1uF/50v
Change Component Comment : Designator=C1 Old Comment=4.7uF New Comment=4.7uF/25V
Change Component Comment : Designator=C2 Old Comment=4.7uF New Comment=4.7uF/25V
Change Component Comment : Designator=C3 Old Comment=4.7uF New Comment=4.7uF/25V
Change Component Comment : Designator=C5 Old Comment=4.7uF New Comment=4.7uF/25V
Change Component Comment : Designator=C6 Old Comment=4.7uF New Comment=4.7uF/25V
Change Component Comment : Designator=C9 Old Comment=4.7uF New Comment=4.7uF/25V
Change Component Comment : Designator=C10 Old Comment=4.7uF New Comment=4.7uF/25V
Change Component Comment : Designator=C11 Old Comment=4.7uF New Comment=4.7uF/25V
Change Component Comment : Designator=C7 Old Comment=100nF New Comment=100nF/50v
Change Component Comment : Designator=U1 Old Comment=AO3401 New Comment=SI2301CDS-T1-E3
Change Component Comment : Designator=L1 Old Comment=CDRH2D18/HPNP-1R1NC New Comment=CDRH2D18/LDNP-470NC
Change Component Comment : Designator=Q2 Old Comment=MMBT2222* New Comment= MMS8050-H-TP
Change Component Designator: OldDesignator=RESET NewDesignator=BUTTON1
Change Component Designator: OldDesignator=Trigger NewDesignator=BUTTON2
Change Component Description : Designator=R3 Old Description= New Description=AC0603FR-070RL
Change Component Description : Designator=R5 Old Description= New Description=AC0603FR-071KL
Change Component Description : Designator=R6 Old Description= New Description=AC0603FR-071KL
Change Component Description : Designator=R1 Old Description= New Description=AC0603FR-0710KL

Change Component Description : Designator=R4 Old Description= New Description=AC0603FR-07100KL
Change Component Description : Designator=R9 Old Description= New Description=AC0603FR-07100KL
Change Component Description : Designator=R2 Old Description= New Description=CRCW08052R20FKEAHP
Change Component Description : Designator=C17 Old Description= New Description=GCM188R71H104KA57J
Change Component Description : Designator=C15 Old Description= New Description=GCM188R71H223KA37J
Change Component Description : Designator=C13 Old Description= New Description=GRT188R61H105KE13D
Change Component Description : Designator=C14 Old Description= New Description=GRT188R61H105KE13D
Change Component Description : Designator=C7 Old Description= New Description=KAM15AR71H104KM
Change Component Description : Designator=C12 Old Description= New Description=MCAST21GSB7105MTNB25
Change Component Description : Designator=R7 Old Description= New Description=RC0603FR-0747KL
Change Component Description : Designator=C9 Old Description= New Description=TMK212AB7475KG-T
Change Component Description : Designator=C10 Old Description= New Description=TMK212AB7475KG-T
Change Component Description : Designator=C11 Old Description= New Description=TMK212AB7475KG-T
Change Component Description : Designator=C8 Old Description= New Description=UMK107AB7105KA-T
Change Component Description : Designator=L1 Old Description=4.7µH Shielded Inductor 1.2A 140mOhm Max Nonstandard New Description=Power Inductors - SMD 47uH 0.48A 530ohms
Change component parameters: Designator = "B1" ("B1"); Footprint = "5010"; UniqueID = "\SDLHLYQP" ("\SDLHLYQP")
Change component parameters (AddParameter): Name = "Arrow Part Number"; Value = "5010"; VariantName = "[No Variations]"
Change component parameters (AddParameter): Name = "Arrow Price/Stock"; Value = "https://www.arrow.com/en/products/5010/keystone-electronics?region=europe"; VariantName = "[No Variations]"
Change component parameters (AddParameter): Name = "Datasheet Link"; Value = "http://www.farnell.com/datasheets/1703983.pdf"; VariantName = "[No Variations]"
Change component parameters (AddParameter): Name = "Geometry.Height"; Value = "8.28mm"; VariantName = "[No Variations]"
Change component parameters (AddParameter): Name = "Manufacturer_Name"; Value = "Keystone Electronics"; VariantName = "[No Variations]"
Change component parameters (AddParameter): Name = "Manufacturer_Part_Number"; Value = "5010"; VariantName = "[No Variations]"
Change component parameters (AddParameter): Name = "Mouser Part Number"; Value = "534-5010"; VariantName = "[No Variations]"
Change component parameters (AddParameter): Name = "Mouser Price/Stock"; Value = "https://www.mouser.co.uk/ProductDetail/Keystone-Electronics/5010?qs=qOqV1E1P08SzD%252BWfk1wMXQ%3D%3D"; VariantName = "[No Variations]"
Change component parameters (AddParameter): Name = "MP"; Value = "5010"; VariantName = "[No Variations]"
Change component parameters: Designator = "B2" ("B2"); Footprint = "5010"; UniqueID = "\NEDEOYVB" ("\NEDEOYVB")
Change component parameters (AddParameter): Name = "Arrow Part Number"; Value = "5010"; VariantName = "[No Variations]"
Change component parameters (AddParameter): Name = "Arrow Price/Stock"; Value = "https://www.arrow.com/en/products/5010/keystone-electronics?region=europe"; VariantName = "[No Variations]"
Change component parameters (AddParameter): Name = "Datasheet Link"; Value = "http://www.farnell.com/datasheets/1703983.pdf"; VariantName = "[No Variations]"
Change component parameters (AddParameter): Name = "Geometry.Height"; Value = "8.28mm"; VariantName = "[No Variations]"
Change component parameters (AddParameter): Name = "Manufacturer_Name"; Value = "Keystone Electronics"; VariantName = "[No Variations]"
Change component parameters (AddParameter): Name = "Manufacturer_Part_Number"; Value = "5010"; VariantName = "[No Variations]"
Change component parameters (AddParameter): Name = "Mouser Part Number"; Value = "534-5010"; VariantName = "[No Variations]"
Change component parameters (AddParameter): Name = "Mouser Price/Stock"; Value = "https://www.mouser.co.uk/ProductDetail/Keystone-Electronics/5010?qs=qOqV1E1P08SzD%252BWfk1wMXQ%3D%3D"; VariantName = "[No Variations]"
Change component parameters (AddParameter): Name = "MP"; Value = "5010"; VariantName = "[No Variations]"
Change component parameters: Designator = "B3" ("B3"); Footprint = "5010"; UniqueID = "\TOLLPRKH" ("\TOLLPRKH")
Change component parameters (AddParameter): Name = "Arrow Part Number"; Value = "5010"; VariantName = "[No Variations]"
Change component parameters (AddParameter): Name = "Arrow Price/Stock"; Value = "https://www.arrow.com/en/products/5010/keystone-electronics?region=europe"; VariantName = "[No Variations]"
Change component parameters (AddParameter): Name = "Datasheet Link"; Value = "http://www.farnell.com/datasheets/1703983.pdf"; VariantName = "[No Variations]"
Change component parameters (AddParameter): Name = "Geometry.Height"; Value = "8.28mm"; VariantName = "[No Variations]"
Change component parameters (AddParameter): Name = "Manufacturer_Name"; Value = "Keystone Electronics"; VariantName = "[No Variations]"
Change component parameters (AddParameter): Name = "Manufacturer_Part_Number"; Value = "5010"; VariantName = "[No Variations]"
Change component parameters (AddParameter): Name = "Mouser Part Number"; Value = "534-5010"; VariantName = "[No Variations]"
Change component parameters (AddParameter): Name = "Mouser Price/Stock"; Value = "https://www.mouser.co.uk/ProductDetail/Keystone-Electronics/5010?qs=qOqV1E1P08SzD%252BWfk1wMXQ%3D%3D"; VariantName = "[No Variations]"
Change component parameters (AddParameter): Name = "MP"; Value = "5010"; VariantName = "[No Variations]"
Change component parameters: Designator = "B4" ("B4"); Footprint = "5010"; UniqueID = "\XCAJJTZE" ("\XCAJJTZE")
Change component parameters (AddParameter): Name = "Arrow Part Number"; Value = "5010"; VariantName = "[No Variations]"
Change component parameters (AddParameter): Name = "Arrow Price/Stock"; Value = "https://www.arrow.com/en/products/5010/keystone-electronics?region=europe"; VariantName = "[No Variations]"
Change component parameters (AddParameter): Name = "Datasheet Link"; Value = "http://www.farnell.com/datasheets/1703983.pdf"; VariantName = "[No Variations]"
Change component parameters (AddParameter): Name = "Geometry.Height"; Value = "8.28mm"; VariantName = "[No Variations]"
Change component parameters (AddParameter): Name = "Manufacturer_Name"; Value = "Keystone Electronics"; VariantName = "[No Variations]"
Change component parameters (AddParameter): Name = "Manufacturer_Part_Number"; Value = "5010"; VariantName = "[No Variations]"
Change component parameters (AddParameter): Name = "Mouser Part Number"; Value = "534-5010"; VariantName = "[No Variations]"
Change component parameters (AddParameter): Name = "Mouser Price/Stock"; Value = "https://www.mouser.co.uk/ProductDetail/Keystone-Electronics/5010?qs=qOqV1E1P08SzD%252BWfk1wMXQ%3D%3D"; VariantName = "[No Variations]"
Change component parameters (AddParameter): Name = "MP"; Value = "5010"; VariantName = "[No Variations]"
Change component parameters: Designator = "B5" ("B5"); Footprint = "5010"; UniqueID = "\VHAVUJEX" ("\VHAVUJEX")
Change component parameters (AddParameter): Name = "Arrow Part Number"; Value = "5010"; VariantName = "[No Variations]"
Change component parameters (AddParameter): Name = "Arrow Price/Stock"; Value = "https://www.arrow.com/en/products/5010/keystone-electronics?region=europe"; VariantName = "[No Variations]"
Change component parameters (AddParameter): Name = "Datasheet Link"; Value = "http://www.farnell.com/datasheets/1703983.pdf"; VariantName = "[No Variations]"
Change component parameters (AddParameter): Name = "Geometry.Height"; Value = "8.28mm"; VariantName = "[No Variations]"
Change component parameters (AddParameter): Name = "Manufacturer_Name"; Value = "Keystone Electronics"; VariantName = "[No Variations]"
Change component parameters (AddParameter): Name = "Manufacturer_Part_Number"; Value = "5010"; VariantName = "[No Variations]"
Change component parameters (AddParameter): Name = "Mouser Part Number"; Value = "534-5010"; VariantName = "[No Variations]"
Change component parameters (AddParameter): Name = "Mouser Price/Stock"; Value = "https://www.mouser.co.uk/ProductDetail/Keystone-Electronics/5010?qs=qOqV1E1P08SzD%252BWfk1wMXQ%3D%3D"; VariantName = "[No Variations]"
Change component parameters (AddParameter): Name = "MP"; Value = "5010"; VariantName = "[No Variations]"
Change component parameters: Designator = "B6" ("B6"); Footprint = "5010"; UniqueID = "\JAOUDPNK" ("\JAOUDPNK")
Change component parameters (AddParameter): Name = "Arrow Part Number"; Value = "5010"; VariantName = "[No Variations]"
Change component parameters (AddParameter): Name = "Arrow Price/Stock"; Value = "https://www.arrow.com/en/products/5010/keystone-electronics?region=europe"; VariantName = "[No Variations]"
Change component parameters (AddParameter): Name = "Datasheet Link"; Value = "http://www.farnell.com/datasheets/1703983.pdf"; VariantName = "[No Variations]"
Change component parameters (AddParameter): Name = "Geometry.Height"; Value = "8.28mm"; VariantName = "[No Variations]"
Change component parameters (AddParameter): Name = "Manufacturer_Name"; Value = "Keystone Electronics"; VariantName = "[No Variations]"
Change component parameters (AddParameter): Name = "Manufacturer_Part_Number"; Value = "5010"; VariantName = "[No Variations]"
Change component parameters (AddParameter): Name = "Mouser Part Number"; Value = "534-5010"; VariantName = "[No Variations]"
Change component parameters (AddParameter): Name = "Mouser Price/Stock"; Value = "https://www.mouser.co.uk/ProductDetail/Keystone-Electronics/5010?qs=qOqV1E1P08SzD%252BWfk1wMXQ%3D%3D"; VariantName = "[No Variations]"
Change component parameters (AddParameter): Name = "MP"; Value = "5010"; VariantName = "[No Variations]"
Change component parameters: Designator = "C1" ("C1"); Footprint = "Cap_0805"; UniqueID = "\INZOCFTW" ("\INZOCFTW")
Change component parameters (AddParameter): Name = "Capacitance"; Value = ""; VariantName = "[No Variations]"
Change component parameters (AddParameter): Name = "MP"; Value = " KAM15AR71H104KM"; VariantName = "[No Variations]"
Change component parameters (AddParameter): Name = "Package Size"; Value = "CAP_0805"; VariantName = "[No Variations]"
Change component parameters (AddParameter): Name = "Tolerance"; Value = ""; VariantName = "[No Variations]"
Change component parameters (AddParameter): Name = "Voltage Rating"; Value = ""; VariantName = "[No Variations]"
Change component parameters: Designator = "C2" ("C2"); Footprint = "Cap_0805"; UniqueID = "\BYLLYVUG" ("\BYLLYVUG")
Change component parameters (AddParameter): Name = "Capacitance"; Value = ""; VariantName = "[No Variations]"
Change component parameters (AddParameter): Name = "MP"; Value = " KAM15AR71H104KM"; VariantName = "[No Variations]"
Change component parameters (AddParameter): Name = "Package Size"; Value = "CAP_0805"; VariantName = "[No Variations]"
Change component parameters (AddParameter): Name = "Tolerance"; Value = ""; VariantName = "[No Variations]"
Change component parameters (AddParameter): Name = "Voltage Rating"; Value = ""; VariantName = "[No Variations]"
Change component parameters: Designator = "C3" ("C3"); Footprint = "Cap_0805"; UniqueID = "\BJMMFBRV" ("\BJMMFBRV")
Change component parameters (AddParameter): Name = "Capacitance"; Value = ""; VariantName = "[No Variations]"
Change component parameters (AddParameter): Name = "MP"; Value = " KAM15AR71H104KM"; VariantName = "[No Variations]"
Change component parameters (AddParameter): Name = "Package Size"; Value = "CAP_0805"; VariantName = "[No Variations]"
Change component parameters (AddParameter): Name = "Tolerance"; Value = ""; VariantName = "[No Variations]"
Change component parameters (AddParameter): Name = "Voltage Rating"; Value = ""; VariantName = "[No Variations]"
Change component parameters: Designator = "C4" ("C4"); Footprint = "Cap_0805"; UniqueID = "\PZAJNWWL" ("\PZAJNWWL")
Change component parameters (AddParameter): Name = "Capacitance"; Value = ""; VariantName = "[No Variations]"
Change component parameters (AddParameter): Name = "MP"; Value = " KAM15AR71H104KM"; VariantName = "[No Variations]"
Change component parameters (AddParameter): Name = "Package Size"; Value = "CAP_0805"; VariantName = "[No Variations]"
Change component parameters (AddParameter): Name = "Tolerance"; Value = ""; VariantName = "[No Variations]"
Change component parameters (AddParameter): Name = "Voltage Rating"; Value = ""; VariantName = "[No Variations]"
Change component parameters: Designator = "C13" ("C13"); Footprint = "Cap_0603"; UniqueID = "\MILJHOMY" ("\MILJHOMY")
Change component parameters (AddParameter): Name = "MP"; Value = "GRT188R61H105KE13D"; VariantName = "[No Variations]"
Change component parameters (AddParameter): Name = "Package Size"; Value = "CAP_0603"; VariantName = "[No Variations]"
Change component parameters (AddParameter): Name = "Tolerance"; Value = ""; VariantName = "[No Variations]"
Change component parameters (AddParameter): Name = "Voltage Rating"; Value = ""; VariantName = "[No Variations]"
Change component parameters: Designator = "C14" ("C14"); Footprint = "Cap_0603"; UniqueID = "\CWZVSSUN" ("\CWZVSSUN")
Change component parameters (AddParameter): Name = "MP"; Value = "GRT188R61H105KE13D"; VariantName = "[No Variations]"
Change component parameters (AddParameter): Name = "Package Size"; Value = "CAP_0603"; VariantName = "[No Variations]"
Change component parameters (AddParameter): Name = "Tolerance"; Value = ""; VariantName = "[No Variations]"
Change component parameters (AddParameter): Name = "Voltage Rating"; Value = ""; VariantName = "[No Variations]"
Change component parameters: Designator = "C15" ("C15"); Footprint = "Cap_0603"; UniqueID = "\FUVOATZC" ("\FUVOATZC")
Change component parameters (AddParameter): Name = "MP"; Value = "GCM188R71H223KA37J"; VariantName = "[No Variations]"
Change component parameters (AddParameter): Name = "Package Size"; Value = "CAP_0603"; VariantName = "[No Variations]"
Change component parameters (AddParameter): Name = "Tolerance"; Value = ""; VariantName = "[No Variations]"
Change component parameters (AddParameter): Name = "Voltage Rating"; Value = ""; VariantName = "[No Variations]"
Change component parameters: Designator = "C16" ("C16"); Footprint = "Cap_0603"; UniqueID = "\UTRTNXRN" ("\UTRTNXRN")
Change component parameters (AddParameter): Name = "MP"; Value = "GCM188R71H104KA57J"; VariantName = "[No Variations]"
Change component parameters (AddParameter): Name = "Package Size"; Value = "CAP_0603"; VariantName = "[No Variations]"
Change component parameters (AddParameter): Name = "Tolerance"; Value = ""; VariantName = "[No Variations]"
Change component parameters (AddParameter): Name = "Voltage Rating"; Value = ""; VariantName = "[No Variations]"
Change component parameters: Designator = "C17" ("C17"); Footprint = "Cap_0603"; UniqueID = "\FFZKVNIS" ("\FFZKVNIS")
Change component parameters (AddParameter): Name = "MP"; Value = "GCM188R71H104KA57J"; VariantName = "[No Variations]"
Change component parameters (AddParameter): Name = "Package Size"; Value = "CAP_0603"; VariantName = "[No Variations]"
Change component parameters (AddParameter): Name = "Tolerance"; Value = ""; VariantName = "[No Variations]"
Change component parameters (AddParameter): Name = "Voltage Rating"; Value = ""; VariantName = "[No Variations]"
Change component parameters: Designator = "R4" ("R4"); Footprint = "RES_0603"; UniqueID = "\RSZNMOTW" ("\RSZNMOTW")
Change component parameters (AddParameter): Name = "MP"; Value = "AC0603FR-07100KL"; VariantName = "[No Variations]"
Change component parameters (AddParameter): Name = "Package Size"; Value = ""; VariantName = "[No Variations]"
Change component parameters (AddParameter): Name = "Power Rating"; Value = ""; VariantName = "[No Variations]"
Change component parameters (AddParameter): Name = "Tolerance"; Value = ""; VariantName = "[No Variations]"
Change component parameters: Designator = "R5" ("R5"); Footprint = "RES_0603"; UniqueID = "\RRFISQIB" ("\RRFISQIB")
Change component parameters (AddParameter): Name = "MP"; Value = "AC0603FR-071KL"; VariantName = "[No Variations]"
Change component parameters (AddParameter): Name = "Package Size"; Value = ""; VariantName = "[No Variations]"
Change component parameters (AddParameter): Name = "Power Rating"; Value = ""; VariantName = "[No Variations]"
Change component parameters (AddParameter): Name = "Tolerance"; Value = ""; VariantName = "[No Variations]"
Change component parameters: Designator = "R6" ("R6"); Footprint = "RES_0603"; UniqueID = "\TNZUHFXD" ("\TNZUHFXD")
Change component parameters (AddParameter): Name = "MP"; Value = "AC0603FR-071KL"; VariantName = "[No Variations]"
Change component parameters (AddParameter): Name = "Package Size"; Value = ""; VariantName = "[No Variations]"
Change component parameters (AddParameter): Name = "Power Rating"; Value = ""; VariantName = "[No Variations]"
Change component parameters (AddParameter): Name = "Tolerance"; Value = ""; VariantName = "[No Variations]"
Change component parameters: Designator = "R7" ("R7"); Footprint = "RES_0603"; UniqueID = "\ZTFLFLGL" ("\ZTFLFLGL")
Change component parameters (AddParameter): Name = "MP"; Value = "RC0603FR-0747KL"; VariantName = "[No Variations]"
Change component parameters (AddParameter): Name = "Package Size"; Value = ""; VariantName = "[No Variations]"
Change component parameters (AddParameter): Name = "Power Rating"; Value = ""; VariantName = "[No Variations]"
Change component parameters (AddParameter): Name = "Tolerance"; Value = ""; VariantName = "[No Variations]"
Change component parameters: Designator = "R8" ("R8"); Footprint = "RES_0603"; UniqueID = "\KHZCLILN" ("\KHZCLILN")
Change component parameters (AddParameter): Name = "MP"; Value = "RC0603FR-0747KL"; VariantName = "[No Variations]"
Change component parameters (AddParameter): Name = "Package Size"; Value = ""; VariantName = "[No Variations]"
Change component parameters (AddParameter): Name = "Power Rating"; Value = ""; VariantName = "[No Variations]"
Change component parameters (AddParameter): Name = "Tolerance"; Value = ""; VariantName = "[No Variations]"
Change component parameters: Designator = "R9" ("R9"); Footprint = "RES_0603"; UniqueID = "\BTUZZHZF" ("\BTUZZHZF")
Change component parameters (AddParameter): Name = "MP"; Value = "AC0603FR-07100KL"; VariantName = "[No Variations]"
Change component parameters (AddParameter): Name = "Package Size"; Value = ""; VariantName = "[No Variations]"
Change component parameters (AddParameter): Name = "Power Rating"; Value = ""; VariantName = "[No Variations]"
Change component parameters (AddParameter): Name = "Tolerance"; Value = ""; VariantName = "[No Variations]"
Change component parameters: Designator = "J1" ("J1"); Footprint = "PANASONIC_AYF532435"; UniqueID = "\UMXXWIOL" ("\UMXXWIOL")
Change component parameters (AddParameter): Name = "Availability"; Value = "In Stock"; VariantName = "[No Variations]"
Change component parameters (AddParameter): Name = "Check_prices"; Value = "https://www.snapeda.com/parts/AYF532435/Panasonic/view-part/3222527/?ref=eda"; VariantName = "[No Variations]"
Change component parameters (AddParameter): Name = "MF"; Value = "Panasonic Electric Works"; VariantName = "[No Variations]"
Change component parameters (AddParameter): Name = "MP"; Value = "AYF532435"; VariantName = "[No Variations]"
Change component parameters (AddParameter): Name = "Package"; Value = "None"; VariantName = "[No Variations]"
Change component parameters (AddParameter): Name = "Parameter 1"; Value = ""; VariantName = "[No Variations]"
Change component parameters (AddParameter): Name = "Price"; Value = "None"; VariantName = "[No Variations]"
Change component parameters (AddParameter): Name = "Purchase-URL"; Value = "https://pricing.snapeda.com/search/part/AYF532435/?ref=eda"; VariantName = "[No Variations]"
Change component parameters (AddParameter): Name = "SnapEDA_Link"; Value = "https://www.snapeda.com/parts/AYF532435/Panasonic/view-part/3222527/?ref=snap"; VariantName = "[No Variations]"
Change component parameters (AddParameter): Name = "Value"; Value = ""; VariantName = "[No Variations]"
Change component parameters: Designator = "Q1" ("Q1"); Footprint = "SOT65P210X110-3N"; UniqueID = "\ZQYTQPAF" ("\ZQYTQPAF")
Change component parameters (AddParameter): Name = "Availability"; Value = "In Stock"; VariantName = "[No Variations]"
Change component parameters (AddParameter): Name = "Check_prices"; Value = "https://www.snapeda.com/parts/SI1308EDL-T1-GE3/Vishay%20Siliconix/view-part/5506696/?ref=eda"; VariantName = "[No Variations]"
Change component parameters (AddParameter): Name = "MF"; Value = "Vishay Siliconix"; VariantName = "[No Variations]"
Change component parameters (AddParameter): Name = "MP"; Value = "SI1308EDL-T1-GE3"; VariantName = "[No Variations]"
Change component parameters (AddParameter): Name = "Package"; Value = "SOT-323 Vishay Semiconductor"; VariantName = "[No Variations]"
Change component parameters (AddParameter): Name = "Parameter 1"; Value = ""; VariantName = "[No Variations]"
Change component parameters (AddParameter): Name = "Price"; Value = "None"; VariantName = "[No Variations]"
Change component parameters (AddParameter): Name = "Purchase-URL"; Value = "https://pricing.snapeda.com/search/part/SI1308EDL-T1-GE3/?ref=eda"; VariantName = "[No Variations]"
Change component parameters (AddParameter): Name = "SnapEDA_Link"; Value = "https://www.snapeda.com/parts/SI1308EDL-T1-GE3/Vishay%20Siliconix/view-part/5506696/?ref=snap"; VariantName = "[No Variations]"
Change component parameters (AddParameter): Name = "Value"; Value = ""; VariantName = "[No Variations]"
Change component parameters: Designator = "U2" ("U2"); Footprint = "SOT94P279X129-5N"; UniqueID = "\ACVEYPFD" ("\ACVEYPFD")
Change component parameters (AddParameter): Name = "Check_prices"; Value = "https://www.snapeda.com/parts/RT9193-33GB/Richtek+USA+Inc./view-part/?ref=eda"; VariantName = "[No Variations]"
Change component parameters (AddParameter): Name = "Digi-Key_Part_Number"; Value = "1028-1014-2-ND"; VariantName = "[No Variations]"
Change component parameters (AddParameter): Name = "MF"; Value = "Richtek USA"; VariantName = "[No Variations]"
Change component parameters (AddParameter): Name = "MP"; Value = "RT9193-33GB"; VariantName = "[No Variations]"
Change component parameters (AddParameter): Name = "Package"; Value = "SOT-23-5 Richtek"; VariantName = "[No Variations]"
Change component parameters (AddParameter): Name = "Parameter 1"; Value = ""; VariantName = "[No Variations]"
Change component parameters (AddParameter): Name = "Purchase-URL"; Value = "https://pricing.snapeda.com/search/part/RT9193-33GB/?ref=eda"; VariantName = "[No Variations]"
Change component parameters (AddParameter): Name = "SnapEDA_Link"; Value = "https://www.snapeda.com/parts/RT9193-33GB/Richtek+USA+Inc./view-part/?ref=snap"; VariantName = "[No Variations]"
Change component parameters (AddParameter): Name = "Value"; Value = ""; VariantName = "[No Variations]"
Change component parameters: Designator = "U3" ("U3"); Footprint = "IC_TXS0108ERGYR"; UniqueID = "\SRNNVHSJ" ("\SRNNVHSJ")
Change component parameters (AddParameter): Name = "Availability"; Value = "Unavailable"; VariantName = "[No Variations]"
Change component parameters (AddParameter): Name = "MF"; Value = "Texas Instruments"; VariantName = "[No Variations]"
Change component parameters (AddParameter): Name = "MP"; Value = "TXS0108ERGYR"; VariantName = "[No Variations]"
Change component parameters (AddParameter): Name = "Package"; Value = "VQFN-20 Texas Instruments"; VariantName = "[No Variations]"
Change component parameters (AddParameter): Name = "Parameter 1"; Value = ""; VariantName = "[No Variations]"
Change component parameters (AddParameter): Name = "Price"; Value = "None"; VariantName = "[No Variations]"
Change component parameters (AddParameter): Name = "Purchase-URL"; Value = "https://pricing.snapeda.com/search/part/TXS0108ERGYR/?ref=eda"; VariantName = "[No Variations]"
Change component parameters (AddParameter): Name = "SnapEDA_Link"; Value = "https://www.snapeda.com/parts/TXS0108ERGYR/Texas%20Instruments/view-part/46552/?ref=snap"; VariantName = "[No Variations]"
Change component parameters (AddParameter): Name = "Value"; Value = ""; VariantName = "[No Variations]"
Change component parameters: Designator = "C5" ("C5"); Footprint = "Cap_0805"; UniqueID = "\KMPWHSGG" ("\KMPWHSGG")
Change component parameters (AddParameter): Name = "Capacitance"; Value = ""; VariantName = "[No Variations]"
Change component parameters (AddParameter): Name = "MP"; Value = " KAM15AR71H104KM"; VariantName = "[No Variations]"
Change component parameters (AddParameter): Name = "Package Size"; Value = "CAP_0805"; VariantName = "[No Variations]"
Change component parameters (AddParameter): Name = "Parameter 1"; Value = ""; VariantName = "[No Variations]"
Change component parameters (AddParameter): Name = "Tolerance"; Value = ""; VariantName = "[No Variations]"
Change component parameters (AddParameter): Name = "Voltage Rating"; Value = ""; VariantName = "[No Variations]"
Change component parameters: Designator = "C6" ("C6"); Footprint = "Cap_0805"; UniqueID = "\WBYRWDGZ" ("\WBYRWDGZ")
Change component parameters (AddParameter): Name = "Capacitance"; Value = ""; VariantName = "[No Variations]"
Change component parameters (AddParameter): Name = "MP"; Value = " KAM15AR71H104KM"; VariantName = "[No Variations]"
Change component parameters (AddParameter): Name = "Package Size"; Value = "CAP_0805"; VariantName = "[No Variations]"
Change component parameters (AddParameter): Name = "Parameter 1"; Value = ""; VariantName = "[No Variations]"
Change component parameters (AddParameter): Name = "Tolerance"; Value = ""; VariantName = "[No Variations]"
Change component parameters (AddParameter): Name = "Voltage Rating"; Value = ""; VariantName = "[No Variations]"
Change component parameters: Designator = "C7" ("C7"); Footprint = "Cap_0603"; UniqueID = "\BHRDMBKE" ("\BHRDMBKE")
Change component parameters (AddParameter): Name = "MP"; Value = " KAM15AR71H104KM"; VariantName = "[No Variations]"
Change component parameters (AddParameter): Name = "Package Size"; Value = "CAP_0603"; VariantName = "[No Variations]"
Change component parameters (AddParameter): Name = "Parameter 1"; Value = ""; VariantName = "[No Variations]"
Change component parameters (AddParameter): Name = "Tolerance"; Value = ""; VariantName = "[No Variations]"
Change component parameters (AddParameter): Name = "Voltage Rating"; Value = ""; VariantName = "[No Variations]"
Change component parameters: Designator = "C8" ("C8"); Footprint = "Cap_0603"; UniqueID = "\TRVYFIBO" ("\TRVYFIBO")
Change component parameters (AddParameter): Name = "MP"; Value = "UMK107AB7105KA-T"; VariantName = "[No Variations]"
Change component parameters (AddParameter): Name = "Package Size"; Value = "CAP_0603"; VariantName = "[No Variations]"
Change component parameters (AddParameter): Name = "Parameter 1"; Value = ""; VariantName = "[No Variations]"
Change component parameters (AddParameter): Name = "Tolerance"; Value = ""; VariantName = "[No Variations]"
Change component parameters (AddParameter): Name = "Voltage Rating"; Value = ""; VariantName = "[No Variations]"
Change component parameters: Designator = "C9" ("C9"); Footprint = "Cap_0805"; UniqueID = "\PXSCVXLN" ("\PXSCVXLN")
Change component parameters (AddParameter): Name = "Capacitance"; Value = ""; VariantName = "[No Variations]"
Change component parameters (AddParameter): Name = "MP"; Value = "TMK212AB7475KG-T"; VariantName = "[No Variations]"
Change component parameters (AddParameter): Name = "Package Size"; Value = "CAP_0805"; VariantName = "[No Variations]"
Change component parameters (AddParameter): Name = "Parameter 1"; Value = ""; VariantName = "[No Variations]"
Change component parameters (AddParameter): Name = "Tolerance"; Value = ""; VariantName = "[No Variations]"
Change component parameters (AddParameter): Name = "Voltage Rating"; Value = ""; VariantName = "[No Variations]"
Change component parameters: Designator = "C10" ("C10"); Footprint = "Cap_0805"; UniqueID = "\EKNZIXUC" ("\EKNZIXUC")
Change component parameters (AddParameter): Name = "Capacitance"; Value = ""; VariantName = "[No Variations]"
Change component parameters (AddParameter): Name = "MP"; Value = "TMK212AB7475KG-T"; VariantName = "[No Variations]"
Change component parameters (AddParameter): Name = "Package Size"; Value = "CAP_0805"; VariantName = "[No Variations]"
Change component parameters (AddParameter): Name = "Parameter 1"; Value = ""; VariantName = "[No Variations]"
Change component parameters (AddParameter): Name = "Tolerance"; Value = ""; VariantName = "[No Variations]"
Change component parameters (AddParameter): Name = "Voltage Rating"; Value = ""; VariantName = "[No Variations]"
Change component parameters: Designator = "C11" ("C11"); Footprint = "Cap_0805"; UniqueID = "\YGNIWKOH" ("\YGNIWKOH")
Change component parameters (AddParameter): Name = "Capacitance"; Value = ""; VariantName = "[No Variations]"
Change component parameters (AddParameter): Name = "MP"; Value = "TMK212AB7475KG-T"; VariantName = "[No Variations]"
Change component parameters (AddParameter): Name = "Package Size"; Value = "CAP_0805"; VariantName = "[No Variations]"
Change component parameters (AddParameter): Name = "Parameter 1"; Value = ""; VariantName = "[No Variations]"
Change component parameters (AddParameter): Name = "Tolerance"; Value = ""; VariantName = "[No Variations]"
Change component parameters (AddParameter): Name = "Voltage Rating"; Value = ""; VariantName = "[No Variations]"
Change component parameters: Designator = "C12" ("C12"); Footprint = "Cap_0805"; UniqueID = "\ZZJDMBSO" ("\ZZJDMBSO")
Change component parameters (AddParameter): Name = "Capacitance"; Value = ""; VariantName = "[No Variations]"
Change component parameters (AddParameter): Name = "MP"; Value = "MCAST21GSB7105MTNB25"; VariantName = "[No Variations]"
Change component parameters (AddParameter): Name = "Package Size"; Value = "CAP_0805"; VariantName = "[No Variations]"
Change component parameters (AddParameter): Name = "Parameter 1"; Value = ""; VariantName = "[No Variations]"
Change component parameters (AddParameter): Name = "Tolerance"; Value = ""; VariantName = "[No Variations]"
Change component parameters (AddParameter): Name = "Voltage Rating"; Value = ""; VariantName = "[No Variations]"
Change component parameters: Designator = "Q2" ("Q2"); Footprint = "SOT23-BEC"; UniqueID = "\LKOHNCEP" ("\LKOHNCEP")
Change component parameters (AddParameter): Name = "Availability"; Value = "In Stock"; VariantName = "[No Variations]"
Change component parameters (AddParameter): Name = "Check_prices"; Value = "https://www.snapeda.com/parts/MMBT2222/Onsemi/view-part/?ref=eda"; VariantName = "[No Variations]"
Change component parameters (AddParameter): Name = "MF"; Value = "ON Semiconductor"; VariantName = "[No Variations]"
Change component parameters (AddParameter): Name = "MP"; Value = "MMS8050-H-TP"; VariantName = "[No Variations]"
Change component parameters (AddParameter): Name = "Package"; Value = "SOT-23-3 Fairchild Semiconductor"; VariantName = "[No Variations]"
Change component parameters (AddParameter): Name = "Parameter 1"; Value = ""; VariantName = "[No Variations]"
Change component parameters (AddParameter): Name = "Price"; Value = "None"; VariantName = "[No Variations]"
Change component parameters (AddParameter): Name = "SnapEDA_Link"; Value = "https://www.snapeda.com/parts/MMBT2222/Onsemi/view-part/?ref=snap"; VariantName = "[No Variations]"
Change component parameters (AddParameter): Name = "Value"; Value = ""; VariantName = "[No Variations]"
Change component parameters: Designator = "R1" ("R1"); Footprint = "RES_0805"; UniqueID = "\QDESDBGB" ("\QDESDBGB")
Change component parameters (AddParameter): Name = "MP"; Value = "AC0603FR-0710KL"; VariantName = "[No Variations]"
Change component parameters (AddParameter): Name = "Package Size"; Value = "RES_0805"; VariantName = "[No Variations]"
Change component parameters (AddParameter): Name = "Parameter 1"; Value = ""; VariantName = "[No Variations]"
Change component parameters (AddParameter): Name = "Power Rating"; Value = ""; VariantName = "[No Variations]"
Change component parameters (AddParameter): Name = "Tolerance"; Value = ""; VariantName = "[No Variations]"
Change component parameters: Designator = "R2" ("R2"); Footprint = "RES_0805"; UniqueID = "\YUNUQRXK" ("\YUNUQRXK")
Change component parameters (AddParameter): Name = "MP"; Value = "CRCW08052R20FKEAHP"; VariantName = "[No Variations]"
Change component parameters (AddParameter): Name = "Package Size"; Value = "RES_0805"; VariantName = "[No Variations]"
Change component parameters (AddParameter): Name = "Parameter 1"; Value = ""; VariantName = "[No Variations]"
Change component parameters (AddParameter): Name = "Power Rating"; Value = ""; VariantName = "[No Variations]"
Change component parameters (AddParameter): Name = "Tolerance"; Value = ""; VariantName = "[No Variations]"
Change component parameters: Designator = "R3" ("R3"); Footprint = "RES_0603"; UniqueID = "\MRBXXCYM" ("\MRBXXCYM")
Change component parameters (AddParameter): Name = "MP"; Value = "AC0603FR-070RL"; VariantName = "[No Variations]"
Change component parameters (AddParameter): Name = "Package Size"; Value = ""; VariantName = "[No Variations]"
Change component parameters (AddParameter): Name = "Parameter 1"; Value = ""; VariantName = "[No Variations]"
Change component parameters (AddParameter): Name = "Power Rating"; Value = ""; VariantName = "[No Variations]"
Change component parameters (AddParameter): Name = "Tolerance"; Value = ""; VariantName = "[No Variations]"
Change component parameters: Designator = "U1" ("U1"); Footprint = "SOT23-3"; UniqueID = "\ZBETYVJV" ("\ZBETYVJV")
Change component parameters (AddParameter): Name = "Check_prices"; Value = "https://www.snapeda.com/parts/AO3401/Alpha+%2526+Omega+Semiconductor+Inc./view-part/?ref=eda"; VariantName = "[No Variations]"
Change component parameters (AddParameter): Name = "MF"; Value = "Alpha &"; VariantName = "[No Variations]"
Change component parameters (AddParameter): Name = "MP"; Value = "SI2301CDS-T1-E3"; VariantName = "[No Variations]"
Change component parameters (AddParameter): Name = "Package"; Value = "TO-236-3 Alpha &amp; Omega Semiconductor Inc."; VariantName = "[No Variations]"
Change component parameters (AddParameter): Name = "Parameter 1"; Value = ""; VariantName = "[No Variations]"
Change component parameters (AddParameter): Name = "SnapEDA_Link"; Value = "https://www.snapeda.com/parts/AO3401/Alpha+%2526+Omega+Semiconductor+Inc./view-part/?ref=snap"; VariantName = "[No Variations]"
Change component parameters (AddParameter): Name = "Value"; Value = ""; VariantName = "[No Variations]"
Change component parameters: Designator = "D1" ("D1"); Footprint = "ON_Semi_SOD-123F_0"; UniqueID = "\IPKURQKK" ("\IPKURQKK")
Change component parameters (AddParameter): Name = "ComponentLink1Description"; Value = "Manufacturer URL"; VariantName = "[No Variations]"
Change component parameters (AddParameter): Name = "ComponentLink1URL"; Value = "http://www.vishay.com/"; VariantName = "[No Variations]"
Change component parameters (AddParameter): Name = "ComponentLink2Description"; Value = "Datasheet"; VariantName = "[No Variations]"
Change component parameters (AddParameter): Name = "ComponentLink2URL"; Value = "http://www.vishay.com/docs/88746/ss12.pdf"; VariantName = "[No Variations]"
Change component parameters (AddParameter): Name = "ComponentLink3Description"; Value = "Package Specification"; VariantName = "[No Variations]"
Change component parameters (AddParameter): Name = "ComponentLink3URL"; Value = "http://www.vishay.com/docs/88746/ss12.pdf"; VariantName = "[No Variations]"
Change component parameters (AddParameter): Name = "MF"; Value = "CDRH2D18/LDNP-470NC"; VariantName = "[No Variations]"
Change component parameters (AddParameter): Name = "MP"; Value = "CDRH2D18/LDNP-470NC"; VariantName = "[No Variations]"
Change component parameters (AddParameter): Name = "Parameter 1"; Value = ""; VariantName = "[No Variations]"
Change component parameters (AddParameter): Name = "Value"; Value = ""; VariantName = "[No Variations]"
Change component parameters: Designator = "D2" ("D2"); Footprint = "ON_Semi_SOD-123F_0"; UniqueID = "\GWSMAUXX" ("\GWSMAUXX")
Change component parameters (AddParameter): Name = "ComponentLink1Description"; Value = "Manufacturer URL"; VariantName = "[No Variations]"
Change component parameters (AddParameter): Name = "ComponentLink1URL"; Value = "http://www.vishay.com/"; VariantName = "[No Variations]"
Change component parameters (AddParameter): Name = "ComponentLink2Description"; Value = "Datasheet"; VariantName = "[No Variations]"
Change component parameters (AddParameter): Name = "ComponentLink2URL"; Value = "http://www.vishay.com/docs/88746/ss12.pdf"; VariantName = "[No Variations]"
Change component parameters (AddParameter): Name = "ComponentLink3Description"; Value = "Package Specification"; VariantName = "[No Variations]"
Change component parameters (AddParameter): Name = "ComponentLink3URL"; Value = "http://www.vishay.com/docs/88746/ss12.pdf"; VariantName = "[No Variations]"
Change component parameters (AddParameter): Name = "MF"; Value = "CDRH2D18/LDNP-470NC"; VariantName = "[No Variations]"
Change component parameters (AddParameter): Name = "MP"; Value = "CDRH2D18/LDNP-470NC"; VariantName = "[No Variations]"
Change component parameters (AddParameter): Name = "Parameter 1"; Value = ""; VariantName = "[No Variations]"
Change component parameters (AddParameter): Name = "Value"; Value = ""; VariantName = "[No Variations]"
Change component parameters: Designator = "D3" ("D3"); Footprint = "ON_Semi_SOD-123F_0"; UniqueID = "\DUXCWUCZ" ("\DUXCWUCZ")
Change component parameters (AddParameter): Name = "ComponentLink1Description"; Value = "Manufacturer URL"; VariantName = "[No Variations]"
Change component parameters (AddParameter): Name = "ComponentLink1URL"; Value = "http://www.vishay.com/"; VariantName = "[No Variations]"
Change component parameters (AddParameter): Name = "ComponentLink2Description"; Value = "Datasheet"; VariantName = "[No Variations]"
Change component parameters (AddParameter): Name = "ComponentLink2URL"; Value = "http://www.vishay.com/docs/88746/ss12.pdf"; VariantName = "[No Variations]"
Change component parameters (AddParameter): Name = "ComponentLink3Description"; Value = "Package Specification"; VariantName = "[No Variations]"
Change component parameters (AddParameter): Name = "ComponentLink3URL"; Value = "http://www.vishay.com/docs/88746/ss12.pdf"; VariantName = "[No Variations]"
Change component parameters (AddParameter): Name = "MF"; Value = "CDRH2D18/LDNP-470NC"; VariantName = "[No Variations]"
Change component parameters (AddParameter): Name = "MP"; Value = "CDRH2D18/LDNP-470NC"; VariantName = "[No Variations]"
Change component parameters (AddParameter): Name = "Parameter 1"; Value = ""; VariantName = "[No Variations]"
Change component parameters (AddParameter): Name = "Value"; Value = ""; VariantName = "[No Variations]"
Change component parameters: Designator = "L1" ("L1"); Footprint = "IND_CDRH2D18/HPNP-1R1NC"; UniqueID = "\SPXQRWBY" ("\SPXQRWBY")
Change component parameters (AddParameter): Name = "Availability"; Value = "Unavailable"; VariantName = "[No Variations]"
Change component parameters (AddParameter): Name = "MF"; Value = "CDRH2D18/LDNP-470NC"; VariantName = "[No Variations]"
Change component parameters (AddParameter): Name = "MP"; Value = "CDRH2D18/LDNP-470NC"; VariantName = "[No Variations]"
Change component parameters (AddParameter): Name = "Package"; Value = "None"; VariantName = "[No Variations]"
Change component parameters (AddParameter): Name = "Parameter 1"; Value = ""; VariantName = "[No Variations]"
Change component parameters (AddParameter): Name = "Price"; Value = "None"; VariantName = "[No Variations]"
Change component parameters (AddParameter): Name = "Value"; Value = ""; VariantName = "[No Variations]"
Added Member To Class: ClassName=microcontroller_board1 Member=Component U4 ESP32-C3-WROOM-02-N4
