Change Component Comment : Designator=C18 Old Comment=CAP_0805 New Comment=22uF
Change Component Comment : Designator=D5 Old Comment=HSMS-C190 New Comment=LTST-C190KRKT
Change Component Comment : Designator=R10 Old Comment=RES_0402 New Comment=4.7K
Change Component Comment : Designator=R11 Old Comment=RES_0402 New Comment=4.7K
Change Component Comment : Designator=R14 Old Comment=RES_0603 New Comment=50
Change Component Description : Designator=R10 Old Description= New Description=71-CRCW0402-4.7K-E3
Change Component Description : Designator=R11 Old Description= New Description=71-CRCW0402-4.7K-E3
Change Component Description : Designator=R26 Old Description= New Description=AF0402FR-0747K5L
Change Component Description : Designator=C22 Old Description= New Description=GRM188R61E106MA73J
Change Component Description : Designator=C23 Old Description= New Description=GRT188R71C105KE13D
Change Component Description : Designator=R25 Old Description= New Description=RT0402BRC0722KL
Change Component Description : Designator=C25 Old Description=C53 New Description=GRM21BR60J107ME15K
Change Component Description : Designator=R28 Old Description=R58 New Description=RC0805JR-070RL
Change component parameters: Designator = "B9" ("B9"); Footprint = "5010"; UniqueID = "\ISJMWSYX" ("\ISJMWSYX")
Change component parameters (AddParameter): Name = "Arrow Part Number"; Value = "5010"; VariantName = "[No Variations]"
Change component parameters (AddParameter): Name = "Arrow Price/Stock"; Value = "https://www.arrow.com/en/products/5010/keystone-electronics?region=europe"; VariantName = "[No Variations]"
Change component parameters (AddParameter): Name = "Datasheet Link"; Value = "http://www.farnell.com/datasheets/1703983.pdf"; VariantName = "[No Variations]"
Change component parameters (AddParameter): Name = "Geometry.Height"; Value = "8.28mm"; VariantName = "[No Variations]"
Change component parameters (AddParameter): Name = "Manufacturer_Name"; Value = "Keystone Electronics"; VariantName = "[No Variations]"
Change component parameters (AddParameter): Name = "Manufacturer_Part_Number"; Value = "5010"; VariantName = "[No Variations]"
Change component parameters (AddParameter): Name = "Mouser Part Number"; Value = "534-5010"; VariantName = "[No Variations]"
Change component parameters (AddParameter): Name = "Mouser Price/Stock"; Value = "https://www.mouser.co.uk/ProductDetail/Keystone-Electronics/5010?qs=qOqV1E1P08SzD%252BWfk1wMXQ%3D%3D"; VariantName = "[No Variations]"
Change component parameters (AddParameter): Name = "MP"; Value = "5010"; VariantName = "[No Variations]"
Change component parameters: Designator = "B10" ("B10"); Footprint = "5010"; UniqueID = "\QDKWDLCA" ("\QDKWDLCA")
Change component parameters (AddParameter): Name = "Arrow Part Number"; Value = "5010"; VariantName = "[No Variations]"
Change component parameters (AddParameter): Name = "Arrow Price/Stock"; Value = "https://www.arrow.com/en/products/5010/keystone-electronics?region=europe"; VariantName = "[No Variations]"
Change component parameters (AddParameter): Name = "Datasheet Link"; Value = "http://www.farnell.com/datasheets/1703983.pdf"; VariantName = "[No Variations]"
Change component parameters (AddParameter): Name = "Geometry.Height"; Value = "8.28mm"; VariantName = "[No Variations]"
Change component parameters (AddParameter): Name = "Manufacturer_Name"; Value = "Keystone Electronics"; VariantName = "[No Variations]"
Change component parameters (AddParameter): Name = "Manufacturer_Part_Number"; Value = "5010"; VariantName = "[No Variations]"
Change component parameters (AddParameter): Name = "Mouser Part Number"; Value = "534-5010"; VariantName = "[No Variations]"
Change component parameters (AddParameter): Name = "Mouser Price/Stock"; Value = "https://www.mouser.co.uk/ProductDetail/Keystone-Electronics/5010?qs=qOqV1E1P08SzD%252BWfk1wMXQ%3D%3D"; VariantName = "[No Variations]"
Change component parameters (AddParameter): Name = "MP"; Value = "5010"; VariantName = "[No Variations]"
Change component parameters: Designator = "B11" ("B11"); Footprint = "5010"; UniqueID = "\VHXXORSH" ("\VHXXORSH")
Change component parameters (AddParameter): Name = "Arrow Part Number"; Value = "5010"; VariantName = "[No Variations]"
Change component parameters (AddParameter): Name = "Arrow Price/Stock"; Value = "https://www.arrow.com/en/products/5010/keystone-electronics?region=europe"; VariantName = "[No Variations]"
Change component parameters (AddParameter): Name = "Datasheet Link"; Value = "http://www.farnell.com/datasheets/1703983.pdf"; VariantName = "[No Variations]"
Change component parameters (AddParameter): Name = "Geometry.Height"; Value = "8.28mm"; VariantName = "[No Variations]"
Change component parameters (AddParameter): Name = "Manufacturer_Name"; Value = "Keystone Electronics"; VariantName = "[No Variations]"
Change component parameters (AddParameter): Name = "Manufacturer_Part_Number"; Value = "5010"; VariantName = "[No Variations]"
Change component parameters (AddParameter): Name = "Mouser Part Number"; Value = "534-5010"; VariantName = "[No Variations]"
Change component parameters (AddParameter): Name = "Mouser Price/Stock"; Value = "https://www.mouser.co.uk/ProductDetail/Keystone-Electronics/5010?qs=qOqV1E1P08SzD%252BWfk1wMXQ%3D%3D"; VariantName = "[No Variations]"
Change component parameters (AddParameter): Name = "MP"; Value = "5010"; VariantName = "[No Variations]"
Change component parameters: Designator = "B12" ("B12"); Footprint = "5010"; UniqueID = "\SLKDOGOA" ("\SLKDOGOA")
Change component parameters (AddParameter): Name = "Arrow Part Number"; Value = "5010"; VariantName = "[No Variations]"
Change component parameters (AddParameter): Name = "Arrow Price/Stock"; Value = "https://www.arrow.com/en/products/5010/keystone-electronics?region=europe"; VariantName = "[No Variations]"
Change component parameters (AddParameter): Name = "Datasheet Link"; Value = "http://www.farnell.com/datasheets/1703983.pdf"; VariantName = "[No Variations]"
Change component parameters (AddParameter): Name = "Geometry.Height"; Value = "8.28mm"; VariantName = "[No Variations]"
Change component parameters (AddParameter): Name = "Manufacturer_Name"; Value = "Keystone Electronics"; VariantName = "[No Variations]"
Change component parameters (AddParameter): Name = "Manufacturer_Part_Number"; Value = "5010"; VariantName = "[No Variations]"
Change component parameters (AddParameter): Name = "Mouser Part Number"; Value = "534-5010"; VariantName = "[No Variations]"
Change component parameters (AddParameter): Name = "Mouser Price/Stock"; Value = "https://www.mouser.co.uk/ProductDetail/Keystone-Electronics/5010?qs=qOqV1E1P08SzD%252BWfk1wMXQ%3D%3D"; VariantName = "[No Variations]"
Change component parameters (AddParameter): Name = "MP"; Value = "5010"; VariantName = "[No Variations]"
Change component parameters: Designator = "B13" ("B13"); Footprint = "5010"; UniqueID = "\XHXHSXXO" ("\XHXHSXXO")
Change component parameters (AddParameter): Name = "Arrow Part Number"; Value = "5010"; VariantName = "[No Variations]"
Change component parameters (AddParameter): Name = "Arrow Price/Stock"; Value = "https://www.arrow.com/en/products/5010/keystone-electronics?region=europe"; VariantName = "[No Variations]"
Change component parameters (AddParameter): Name = "Datasheet Link"; Value = "http://www.farnell.com/datasheets/1703983.pdf"; VariantName = "[No Variations]"
Change component parameters (AddParameter): Name = "Geometry.Height"; Value = "8.28mm"; VariantName = "[No Variations]"
Change component parameters (AddParameter): Name = "Manufacturer_Name"; Value = "Keystone Electronics"; VariantName = "[No Variations]"
Change component parameters (AddParameter): Name = "Manufacturer_Part_Number"; Value = "5010"; VariantName = "[No Variations]"
Change component parameters (AddParameter): Name = "Mouser Part Number"; Value = "534-5010"; VariantName = "[No Variations]"
Change component parameters (AddParameter): Name = "Mouser Price/Stock"; Value = "https://www.mouser.co.uk/ProductDetail/Keystone-Electronics/5010?qs=qOqV1E1P08SzD%252BWfk1wMXQ%3D%3D"; VariantName = "[No Variations]"
Change component parameters (AddParameter): Name = "MP"; Value = "5010"; VariantName = "[No Variations]"
Change component parameters: Designator = "BUTTON1" ("BUTTON1"); Footprint = "TL3301AF160QG"; UniqueID = "\UFYTFMUY" ("\UFYTFMUY")
Change component parameters (AddParameter): Name = "MP"; Value = "TL3301AF160QG"; VariantName = "[No Variations]"
Change component parameters: Designator = "BUTTON2" ("BUTTON2"); Footprint = "TL3301AF160QG"; UniqueID = "\TOJOVZKC" ("\TOJOVZKC")
Change component parameters (AddParameter): Name = "MP"; Value = "TL3301AF160QG"; VariantName = "[No Variations]"
Change component parameters (AddParameter): Name = "PCB Footprint"; Value = ""; VariantName = "[No Variations]"
Change component parameters: Designator = "C18" ("C18"); Footprint = "Cap_0805"; UniqueID = "\FJSFOFML" ("\FJSFOFML")
Change component parameters (AddParameter): Name = "Capacitance"; Value = ""; VariantName = "[No Variations]"
Change component parameters (AddParameter): Name = "MP"; Value = "C2012X5R1V226M125AC"; VariantName = "[No Variations]"
Change component parameters (AddParameter): Name = "Package Size"; Value = "CAP_0805"; VariantName = "[No Variations]"
Change component parameters (AddParameter): Name = "Tolerance"; Value = ""; VariantName = "[No Variations]"
Change component parameters (AddParameter): Name = "Voltage Rating"; Value = ""; VariantName = "[No Variations]"
Change component parameters: Designator = "C19" ("C19"); Footprint = "Cap_0603"; UniqueID = "\KIEAYUVN" ("\KIEAYUVN")
Change component parameters (AddParameter): Name = "0 LOAD CHECK 0"; Value = "¡´"; VariantName = "[No Variations]"
Change component parameters (AddParameter): Name = "Characteristics"; Value = "X7R"; VariantName = "[No Variations]"
Change component parameters (AddParameter): Name = "Distributor"; Value = "¹ñ´I"; VariantName = "[No Variations]"
Change component parameters (AddParameter): Name = "Distributor1"; Value = "·ç±¶"; VariantName = "[No Variations]"
Change component parameters (AddParameter): Name = "Distributor2"; Value = "¬ü©_"; VariantName = "[No Variations]"
Change component parameters (AddParameter): Name = "EIAJ"; Value = "C0402"; VariantName = "[No Variations]"
Change component parameters (AddParameter): Name = "GeometryHeight"; Value = "0.55mm"; VariantName = "[No Variations]"
Change component parameters (AddParameter): Name = "Manufacturer"; Value = "Murata"; VariantName = "[No Variations]"
Change component parameters (AddParameter): Name = "Material Description"; Value = "NC_CAP,ML,0.1uF,X7R,50V,0402,K%,MU,RoHS"; VariantName = "[No Variations]"
Change component parameters (AddParameter): Name = "MP"; Value = "GRT188R71C105KE13D"; VariantName = "[No Variations]"
Change component parameters (AddParameter): Name = "Part Name"; Value = "NC_GRM155R71H104KE14D"; VariantName = "[No Variations]"
Change component parameters (AddParameter): Name = "Part Number"; Value = "NC_0102-1422C12"; VariantName = "[No Variations]"
Change component parameters (AddParameter): Name = "Part Type"; Value = "Capacitor"; VariantName = "[No Variations]"
Change component parameters (AddParameter): Name = "PCB Footprint"; Value = "C0603"; VariantName = "[No Variations]"
Change component parameters (AddParameter): Name = "Tolerance"; Value = "¡Ó10%"; VariantName = "[No Variations]"
Change component parameters (AddParameter): Name = "Voltage"; Value = "16V"; VariantName = "[No Variations]"
Change component parameters: Designator = "C21" ("C21"); Footprint = "Cap_0603"; UniqueID = "\HLHMNQOH" ("\HLHMNQOH")
Change component parameters (AddParameter): Name = "0 LOAD CHECK 0"; Value = "¡´"; VariantName = "[No Variations]"
Change component parameters (AddParameter): Name = "Characteristics"; Value = "X7R"; VariantName = "[No Variations]"
Change component parameters (AddParameter): Name = "Distributor"; Value = "¹ñ´I"; VariantName = "[No Variations]"
Change component parameters (AddParameter): Name = "Distributor1"; Value = "·ç±¶"; VariantName = "[No Variations]"
Change component parameters (AddParameter): Name = "Distributor2"; Value = "¬ü©_"; VariantName = "[No Variations]"
Change component parameters (AddParameter): Name = "EIAJ"; Value = "C0402"; VariantName = "[No Variations]"
Change component parameters (AddParameter): Name = "GeometryHeight"; Value = "0.55mm"; VariantName = "[No Variations]"
Change component parameters (AddParameter): Name = "Manufacturer"; Value = "Murata"; VariantName = "[No Variations]"
Change component parameters (AddParameter): Name = "Material Description"; Value = "NC_CAP,ML,0.1uF,X7R,50V,0402,K%,MU,RoHS"; VariantName = "[No Variations]"
Change component parameters (AddParameter): Name = "MP"; Value = "GCM188R71H104KA57J"; VariantName = "[No Variations]"
Change component parameters (AddParameter): Name = "Part Name"; Value = "NC_GRM155R71H104KE14D"; VariantName = "[No Variations]"
Change component parameters (AddParameter): Name = "Part Number"; Value = "NC_0102-1422C12"; VariantName = "[No Variations]"
Change component parameters (AddParameter): Name = "Part Type"; Value = "Capacitor"; VariantName = "[No Variations]"
Change component parameters (AddParameter): Name = "PCB Footprint"; Value = "C0603"; VariantName = "[No Variations]"
Change component parameters (AddParameter): Name = "Tolerance"; Value = "¡Ó10%"; VariantName = "[No Variations]"
Change component parameters (AddParameter): Name = "Voltage"; Value = "50V"; VariantName = "[No Variations]"
Change component parameters: Designator = "C22" ("C22"); Footprint = "Cap_0603"; UniqueID = "\BKVDPMLX" ("\BKVDPMLX")
Change component parameters (AddParameter): Name = "0 LOAD CHECK 0"; Value = "¡´"; VariantName = "[No Variations]"
Change component parameters (AddParameter): Name = "Characteristics"; Value = "X7R"; VariantName = "[No Variations]"
Change component parameters (AddParameter): Name = "Distributor"; Value = "¹ñ´I"; VariantName = "[No Variations]"
Change component parameters (AddParameter): Name = "Distributor1"; Value = "·ç±¶"; VariantName = "[No Variations]"
Change component parameters (AddParameter): Name = "Distributor2"; Value = "¬ü©_"; VariantName = "[No Variations]"
Change component parameters (AddParameter): Name = "EIAJ"; Value = "C0402"; VariantName = "[No Variations]"
Change component parameters (AddParameter): Name = "GeometryHeight"; Value = "0.55mm"; VariantName = "[No Variations]"
Change component parameters (AddParameter): Name = "Manufacturer"; Value = "Murata"; VariantName = "[No Variations]"
Change component parameters (AddParameter): Name = "Material Description"; Value = "NC_CAP,ML,0.1uF,X7R,50V,0402,K%,MU,RoHS"; VariantName = "[No Variations]"
Change component parameters (AddParameter): Name = "MP"; Value = "GRM188R61E106MA73J"; VariantName = "[No Variations]"
Change component parameters (AddParameter): Name = "Part Name"; Value = "NC_GRM155R71H104KE14D"; VariantName = "[No Variations]"
Change component parameters (AddParameter): Name = "Part Number"; Value = "NC_0102-1422C12"; VariantName = "[No Variations]"
Change component parameters (AddParameter): Name = "Part Type"; Value = "Capacitor"; VariantName = "[No Variations]"
Change component parameters (AddParameter): Name = "PCB Footprint"; Value = "C0603"; VariantName = "[No Variations]"
Change component parameters (AddParameter): Name = "Tolerance"; Value = "¡Ó10%"; VariantName = "[No Variations]"
Change component parameters (AddParameter): Name = "Voltage"; Value = "16V"; VariantName = "[No Variations]"
Change component parameters: Designator = "C23" ("C23"); Footprint = "Cap_0603"; UniqueID = "\QZTWUUBX" ("\QZTWUUBX")
Change component parameters (AddParameter): Name = "0 LOAD CHECK 0"; Value = "¡´"; VariantName = "[No Variations]"
Change component parameters (AddParameter): Name = "Characteristics"; Value = "X7R"; VariantName = "[No Variations]"
Change component parameters (AddParameter): Name = "Distributor"; Value = "¹ñ´I"; VariantName = "[No Variations]"
Change component parameters (AddParameter): Name = "Distributor1"; Value = "·ç±¶"; VariantName = "[No Variations]"
Change component parameters (AddParameter): Name = "Distributor2"; Value = "¬ü©_"; VariantName = "[No Variations]"
Change component parameters (AddParameter): Name = "EIAJ"; Value = "C0402"; VariantName = "[No Variations]"
Change component parameters (AddParameter): Name = "GeometryHeight"; Value = "0.55mm"; VariantName = "[No Variations]"
Change component parameters (AddParameter): Name = "Manufacturer"; Value = "Murata"; VariantName = "[No Variations]"
Change component parameters (AddParameter): Name = "Material Description"; Value = "NC_CAP,ML,0.1uF,X7R,50V,0402,K%,MU,RoHS"; VariantName = "[No Variations]"
Change component parameters (AddParameter): Name = "MP"; Value = "GRT188R71C105KE13D"; VariantName = "[No Variations]"
Change component parameters (AddParameter): Name = "Part Name"; Value = "NC_GRM155R71H104KE14D"; VariantName = "[No Variations]"
Change component parameters (AddParameter): Name = "Part Number"; Value = "NC_0102-1422C12"; VariantName = "[No Variations]"
Change component parameters (AddParameter): Name = "Part Type"; Value = "Capacitor"; VariantName = "[No Variations]"
Change component parameters (AddParameter): Name = "PCB Footprint"; Value = "C0603"; VariantName = "[No Variations]"
Change component parameters (AddParameter): Name = "Tolerance"; Value = "¡Ó10%"; VariantName = "[No Variations]"
Change component parameters (AddParameter): Name = "Voltage"; Value = "16V"; VariantName = "[No Variations]"
Change component parameters: Designator = "C24" ("C24"); Footprint = "Cap_0603"; UniqueID = "\JLWVLHDX" ("\JLWVLHDX")
Change component parameters (AddParameter): Name = "MP"; Value = "GRM188R61C106MAALD"; VariantName = "[No Variations]"
Change component parameters (AddParameter): Name = "Package Size"; Value = "CAP_0603"; VariantName = "[No Variations]"
Change component parameters (AddParameter): Name = "Tolerance"; Value = ""; VariantName = "[No Variations]"
Change component parameters (AddParameter): Name = "Voltage Rating"; Value = ""; VariantName = "[No Variations]"
Change component parameters: Designator = "C25" ("C25"); Footprint = "Cap_0805"; UniqueID = "\KZTFSFSL" ("\KZTFSFSL")
Change component parameters (AddParameter): Name = "Capacitance"; Value = ""; VariantName = "[No Variations]"
Change component parameters (AddParameter): Name = "MP"; Value = "GRM21BR60J107ME15K"; VariantName = "[No Variations]"
Change component parameters (AddParameter): Name = "Package Size"; Value = "CAP_0805"; VariantName = "[No Variations]"
Change component parameters (AddParameter): Name = "Tolerance"; Value = ""; VariantName = "[No Variations]"
Change component parameters (AddParameter): Name = "Voltage Rating"; Value = ""; VariantName = "[No Variations]"
Change component parameters: Designator = "Q3" ("Q3"); Footprint = "KSC3265YMTF"; UniqueID = "\UOJYRBJM" ("\UOJYRBJM")
Change component parameters (AddParameter): Name = "MP"; Value = "KSC3265YMTF"; VariantName = "[No Variations]"
Change component parameters: Designator = "Q4" ("Q4"); Footprint = "KSC3265YMTF"; UniqueID = "\JJSOCVZV" ("\JJSOCVZV")
Change component parameters (AddParameter): Name = "MP"; Value = "KSC3265YMTF"; VariantName = "[No Variations]"
Change component parameters: Designator = "R10" ("R10"); Footprint = "RES_0402"; UniqueID = "\MWRECTFX" ("\MWRECTFX")
Change component parameters (AddParameter): Name = "MP"; Value = "CRCW04024K70FKED"; VariantName = "[No Variations]"
Change component parameters (AddParameter): Name = "Package Size"; Value = "RES_0402"; VariantName = "[No Variations]"
Change component parameters (AddParameter): Name = "Power Rating"; Value = ""; VariantName = "[No Variations]"
Change component parameters (AddParameter): Name = "Tolerance"; Value = ""; VariantName = "[No Variations]"
Change component parameters: Designator = "R11" ("R11"); Footprint = "RES_0402"; UniqueID = "\FUZHNYCS" ("\FUZHNYCS")
Change component parameters (AddParameter): Name = "MP"; Value = "CRCW04024K70FKED"; VariantName = "[No Variations]"
Change component parameters (AddParameter): Name = "Package Size"; Value = "RES_0402"; VariantName = "[No Variations]"
Change component parameters (AddParameter): Name = "Power Rating"; Value = ""; VariantName = "[No Variations]"
Change component parameters (AddParameter): Name = "Tolerance"; Value = ""; VariantName = "[No Variations]"
Change component parameters: Designator = "R12" ("R12"); Footprint = "R0402"; UniqueID = "\GZONBBVI" ("\GZONBBVI")
Change component parameters (AddParameter): Name = "MP"; Value = "RP0402DRE0710KL"; VariantName = "[No Variations]"
Change component parameters (AddParameter): Name = "PCB Footprint"; Value = "R0402"; VariantName = "[No Variations]"
Change component parameters: Designator = "R13" ("R13"); Footprint = "RES_0603"; UniqueID = "\LTYVFMUV" ("\LTYVFMUV")
Change component parameters (AddParameter): Name = "MP"; Value = "AC0603FR-070RL"; VariantName = "[No Variations]"
Change component parameters (AddParameter): Name = "Package Size"; Value = ""; VariantName = "[No Variations]"
Change component parameters (AddParameter): Name = "Power Rating"; Value = ""; VariantName = "[No Variations]"
Change component parameters (AddParameter): Name = "Tolerance"; Value = ""; VariantName = "[No Variations]"
Change component parameters: Designator = "R14" ("R14"); Footprint = "RES_0603"; UniqueID = "\WWEORXOO" ("\WWEORXOO")
Change component parameters (AddParameter): Name = "MP"; Value = "RT0603BRE0750RL"; VariantName = "[No Variations]"
Change component parameters (AddParameter): Name = "Package Size"; Value = ""; VariantName = "[No Variations]"
Change component parameters (AddParameter): Name = "Power Rating"; Value = ""; VariantName = "[No Variations]"
Change component parameters (AddParameter): Name = "Tolerance"; Value = ""; VariantName = "[No Variations]"
Change component parameters: Designator = "R15" ("R15"); Footprint = "R0402"; UniqueID = "\IUTILEFW" ("\IUTILEFW")
Change component parameters (AddParameter): Name = "MP"; Value = "RP0402DRE0710KL"; VariantName = "[No Variations]"
Change component parameters (AddParameter): Name = "PCB Footprint"; Value = "R0402"; VariantName = "[No Variations]"
Change component parameters: Designator = "R16" ("R16"); Footprint = "RES_0603"; UniqueID = "\VGZNKGWC" ("\VGZNKGWC")
Change component parameters (AddParameter): Name = "MP"; Value = "AC0603FR-070RL"; VariantName = "[No Variations]"
Change component parameters (AddParameter): Name = "Package Size"; Value = ""; VariantName = "[No Variations]"
Change component parameters (AddParameter): Name = "Power Rating"; Value = ""; VariantName = "[No Variations]"
Change component parameters (AddParameter): Name = "Tolerance"; Value = ""; VariantName = "[No Variations]"
Change component parameters: Designator = "R17" ("R17"); Footprint = "R0402"; UniqueID = "\GBBBKSVR" ("\GBBBKSVR")
Change component parameters (AddParameter): Name = "MP"; Value = "RP0402DRE0710KL"; VariantName = "[No Variations]"
Change component parameters (AddParameter): Name = "PCB Footprint"; Value = "R0402"; VariantName = "[No Variations]"
Change component parameters: Designator = "R18" ("R18"); Footprint = "RES_0603"; UniqueID = "\JLWPLTUB" ("\JLWPLTUB")
Change component parameters (AddParameter): Name = "MP"; Value = "AC0603FR-070RL"; VariantName = "[No Variations]"
Change component parameters (AddParameter): Name = "Package Size"; Value = ""; VariantName = "[No Variations]"
Change component parameters (AddParameter): Name = "Power Rating"; Value = ""; VariantName = "[No Variations]"
Change component parameters (AddParameter): Name = "Tolerance"; Value = ""; VariantName = "[No Variations]"
Change component parameters: Designator = "R21" ("R21"); Footprint = "R0402"; UniqueID = "\GMBJKRNP" ("\GMBJKRNP")
Change component parameters (AddParameter): Name = "MP"; Value = "MCS04020Z0000ZE000"; VariantName = "[No Variations]"
Change component parameters (AddParameter): Name = "PCB Footprint"; Value = "R0402"; VariantName = "[No Variations]"
Change component parameters: Designator = "R22" ("R22"); Footprint = "R0402"; UniqueID = "\ZZPVKROW" ("\ZZPVKROW")
Change component parameters (AddParameter): Name = "MP"; Value = "MCS04020Z0000ZE000"; VariantName = "[No Variations]"
Change component parameters (AddParameter): Name = "PCB Footprint"; Value = "R0402"; VariantName = "[No Variations]"
Change component parameters: Designator = "R23" ("R23"); Footprint = "R0402"; UniqueID = "\NPIGYXTZ" ("\NPIGYXTZ")
Change component parameters (AddParameter): Name = "MP"; Value = "RP0402BRD0710KL"; VariantName = "[No Variations]"
Change component parameters (AddParameter): Name = "PCB Footprint"; Value = "R0402"; VariantName = "[No Variations]"
Change component parameters: Designator = "R24" ("R24"); Footprint = "R0402"; UniqueID = "\FKHHGVXS" ("\FKHHGVXS")
Change component parameters (AddParameter): Name = "MP"; Value = "RP0402BRD071KL"; VariantName = "[No Variations]"
Change component parameters (AddParameter): Name = "PCB Footprint"; Value = "R0402"; VariantName = "[No Variations]"
Change component parameters: Designator = "R25" ("R25"); Footprint = "R0402"; UniqueID = "\BXBYXLWL" ("\BXBYXLWL")
Change component parameters (AddParameter): Name = "MP"; Value = "RT0402BRC0722KL"; VariantName = "[No Variations]"
Change component parameters (AddParameter): Name = "PCB Footprint"; Value = "R0402"; VariantName = "[No Variations]"
Change component parameters: Designator = "R26" ("R26"); Footprint = "R0402"; UniqueID = "\JPHYUYDR" ("\JPHYUYDR")
Change component parameters (AddParameter): Name = "MP"; Value = "AF0402FR-0747K5L"; VariantName = "[No Variations]"
Change component parameters (AddParameter): Name = "PCB Footprint"; Value = "R0402"; VariantName = "[No Variations]"
Change component parameters: Designator = "R27" ("R27"); Footprint = "RES_0603"; UniqueID = "\JOZQAWIU" ("\JOZQAWIU")
Change component parameters (AddParameter): Name = "MP"; Value = "AC0603FR-070RL"; VariantName = "[No Variations]"
Change component parameters (AddParameter): Name = "Package Size"; Value = ""; VariantName = "[No Variations]"
Change component parameters (AddParameter): Name = "Power Rating"; Value = ""; VariantName = "[No Variations]"
Change component parameters (AddParameter): Name = "Tolerance"; Value = ""; VariantName = "[No Variations]"
Change component parameters: Designator = "R28" ("R28"); Footprint = "RES_0805"; UniqueID = "\HTHKRZDW" ("\HTHKRZDW")
Change component parameters (AddParameter): Name = "MP"; Value = "RC0805JR-070RL"; VariantName = "[No Variations]"
Change component parameters (AddParameter): Name = "Package Size"; Value = "RES_0805"; VariantName = "[No Variations]"
Change component parameters (AddParameter): Name = "Power Rating"; Value = ""; VariantName = "[No Variations]"
Change component parameters (AddParameter): Name = "Tolerance"; Value = ""; VariantName = "[No Variations]"
Change component parameters: Designator = "R29" ("R29"); Footprint = "R0402"; UniqueID = "\RRSGZHOF" ("\RRSGZHOF")
Change component parameters (AddParameter): Name = "MP"; Value = "MCS04020Z0000ZE000"; VariantName = "[No Variations]"
Change component parameters (AddParameter): Name = "PCB Footprint"; Value = "R0402"; VariantName = "[No Variations]"
Change component parameters: Designator = "R30" ("R30"); Footprint = "R0402"; UniqueID = "\QWHPATVD" ("\QWHPATVD")
Change component parameters (AddParameter): Name = "MP"; Value = "MCS04020Z0000ZE000"; VariantName = "[No Variations]"
Change component parameters (AddParameter): Name = "PCB Footprint"; Value = "R0402"; VariantName = "[No Variations]"
Change component parameters: Designator = "U6" ("U6"); Footprint = "ZLDO1117QG33TA"; UniqueID = "\CKAPNRWB" ("\CKAPNRWB")
Change component parameters (AddParameter): Name = "MP"; Value = "ZLDO1117QG33TA"; VariantName = "[No Variations]"
Change component parameters: Designator = "D4" ("D4"); Footprint = "DIOM7959X265N"; UniqueID = "\EPIASNYB" ("\EPIASNYB")
Change component parameters (AddParameter): Name = "Check_prices"; Value = "https://www.snapeda.com/parts/SS34/Onsemi/view-part/?ref=eda"; VariantName = "[No Variations]"
Change component parameters (AddParameter): Name = "MF"; Value = "onsemi"; VariantName = "[No Variations]"
Change component parameters (AddParameter): Name = "MP"; Value = "SS34"; VariantName = "[No Variations]"
Change component parameters (AddParameter): Name = "Package"; Value = "SMC-2 ON Semiconductor"; VariantName = "[No Variations]"
Change component parameters (AddParameter): Name = "Parameter 1"; Value = ""; VariantName = "[No Variations]"
Change component parameters (AddParameter): Name = "SnapEDA_Link"; Value = "https://www.snapeda.com/parts/SS34/Onsemi/view-part/?ref=snap"; VariantName = "[No Variations]"
Change component parameters (AddParameter): Name = "Value"; Value = ""; VariantName = "[No Variations]"
Change component parameters: Designator = "D6" ("D6"); Footprint = "DIO_TPD4E02B04DQAR"; UniqueID = "\UIELDFET" ("\UIELDFET")
Change component parameters (AddParameter): Name = "Check_prices"; Value = "https://www.snapeda.com/parts/TPD4E02B04DQAR/Texas%20Instruments/view-part/576424/?ref=eda"; VariantName = "[No Variations]"
Change component parameters (AddParameter): Name = "Digi-Key_Part_Number"; Value = "296-43875-1-ND"; VariantName = "[No Variations]"
Change component parameters (AddParameter): Name = "MF"; Value = "Texas Instruments"; VariantName = "[No Variations]"
Change component parameters (AddParameter): Name = "MP"; Value = "TPD4E02B04DQAR"; VariantName = "[No Variations]"
Change component parameters (AddParameter): Name = "Package"; Value = "USON-10 Texas Instruments"; VariantName = "[No Variations]"
Change component parameters (AddParameter): Name = "Parameter 1"; Value = ""; VariantName = "[No Variations]"
Change component parameters (AddParameter): Name = "Purchase-URL"; Value = "https://pricing.snapeda.com/search/part/TPD4E02B04DQAR/?ref=eda"; VariantName = "[No Variations]"
Change component parameters (AddParameter): Name = "SnapEDA_Link"; Value = "https://www.snapeda.com/parts/TPD4E02B04DQAR/Texas%20Instruments/view-part/576424/?ref=snap"; VariantName = "[No Variations]"
Change component parameters (AddParameter): Name = "Value"; Value = ""; VariantName = "[No Variations]"
Change component parameters: Designator = "J2" ("J2"); Footprint = "GCT_USB4105-GF-A"; UniqueID = "\UTLMNWOG" ("\UTLMNWOG")
Change component parameters (AddParameter): Name = "Check_prices"; Value = "https://www.snapeda.com/parts/USB4105-GF-A/Global+Connector+Technology/view-part/?ref=eda"; VariantName = "[No Variations]"
Change component parameters (AddParameter): Name = "MF"; Value = "GCT"; VariantName = "[No Variations]"
Change component parameters (AddParameter): Name = "MP"; Value = "USB4105-GF-A"; VariantName = "[No Variations]"
Change component parameters (AddParameter): Name = "Package"; Value = "None"; VariantName = "[No Variations]"
Change component parameters (AddParameter): Name = "Parameter 1"; Value = ""; VariantName = "[No Variations]"
Change component parameters (AddParameter): Name = "SnapEDA_Link"; Value = "https://www.snapeda.com/parts/USB4105-GF-A/Global+Connector+Technology/view-part/?ref=snap"; VariantName = "[No Variations]"
Change component parameters (AddParameter): Name = "Value"; Value = ""; VariantName = "[No Variations]"
Change component parameters: Designator = "P1" ("P1"); Footprint = "HDR1X5"; UniqueID = "\YTYQAOVI" ("\YTYQAOVI")
Change component parameters (AddParameter): Name = "LatestRevisionDate"; Value = "17-Jul-2002"; VariantName = "[No Variations]"
Change component parameters (AddParameter): Name = "LatestRevisionNote"; Value = "Re-released for DXP Platform."; VariantName = "[No Variations]"
Change component parameters (AddParameter): Name = "Parameter 1"; Value = ""; VariantName = "[No Variations]"
Change component parameters (AddParameter): Name = "Publisher"; Value = "Altium Limited"; VariantName = "[No Variations]"
Change component parameters: Designator = "P2" ("P2"); Footprint = "HDR1X6"; UniqueID = "\TLCGGOVH" ("\TLCGGOVH")
Change component parameters (AddParameter): Name = "LatestRevisionDate"; Value = "17-Jul-2002"; VariantName = "[No Variations]"
Change component parameters (AddParameter): Name = "LatestRevisionNote"; Value = "Re-released for DXP Platform."; VariantName = "[No Variations]"
Change component parameters (AddParameter): Name = "Parameter 1"; Value = ""; VariantName = "[No Variations]"
Change component parameters (AddParameter): Name = "Publisher"; Value = "Altium Limited"; VariantName = "[No Variations]"
Change component parameters: Designator = "U4" ("U4"); Footprint = "MODULE_ESP32-C3-WROOM-02-H4"; UniqueID = "\XBIQAJLN" ("\XBIQAJLN")
Change component parameters (AddParameter): Name = "Availability"; Value = "In Stock"; VariantName = "[No Variations]"
Change component parameters (AddParameter): Name = "Check_prices"; Value = "https://www.snapeda.com/parts/ESP32-C3-WROOM-02-N4/Espressif+Systems/view-part/?ref=eda"; VariantName = "[No Variations]"
Change component parameters (AddParameter): Name = "MF"; Value = "Espressif Systems"; VariantName = "[No Variations]"
Change component parameters (AddParameter): Name = "MP"; Value = "ESP32-C3-WROOM-02-N4"; VariantName = "[No Variations]"
Change component parameters (AddParameter): Name = "Package"; Value = "Package"; VariantName = "[No Variations]"
Change component parameters (AddParameter): Name = "Parameter 1"; Value = ""; VariantName = "[No Variations]"
Change component parameters (AddParameter): Name = "Price"; Value = "None"; VariantName = "[No Variations]"
Change component parameters (AddParameter): Name = "Purchase-URL"; Value = "https://pricing.snapeda.com/search/part/ESP32-C3-WROOM-02-N4/?ref=eda"; VariantName = "[No Variations]"
Change component parameters (AddParameter): Name = "SnapEDA_Link"; Value = "https://www.snapeda.com/parts/ESP32-C3-WROOM-02-N4/Espressif+Systems/view-part/?ref=snap"; VariantName = "[No Variations]"
Change component parameters (AddParameter): Name = "Value"; Value = ""; VariantName = "[No Variations]"
Change component parameters: Designator = "U5" ("U5"); Footprint = "CP2102N-A02-GQFN28"; UniqueID = "\UAIDNATX" ("\UAIDNATX")
Change component parameters (AddParameter): Name = "Parameter 1"; Value = ""; VariantName = "[No Variations]"
Change component parameters: Designator = "D5" ("D5"); Footprint = "LEDM1608X80"; UniqueID = "\ZABCMZZU" ("\ZABCMZZU")
Change component parameters (AddParameter): Name = "Availability"; Value = "Unavailable"; VariantName = "[No Variations]"
Change component parameters (AddParameter): Name = "MF"; Value = "Broadcom Limited"; VariantName = "[No Variations]"
Change component parameters (AddParameter): Name = "MP"; Value = "LTST-C190KRKT"; VariantName = "[No Variations]"
Change component parameters (AddParameter): Name = "Package"; Value = "0603 Broadcom"; VariantName = "[No Variations]"
Change component parameters (AddParameter): Name = "Parameter 1"; Value = ""; VariantName = "[No Variations]"
Change component parameters (AddParameter): Name = "Price"; Value = "None"; VariantName = "[No Variations]"
Change component parameters (AddParameter): Name = "SnapEDA_Link"; Value = "https://www.snapeda.com/parts/HSMS-C190/Broadcom%20Limited/view-part/1781258/?ref=snap"; VariantName = "[No Variations]"
Change component parameters (AddParameter): Name = "Value"; Value = ""; VariantName = "[No Variations]"
Change component parameters: Designator = "C20" ("C20"); Footprint = "Cap_0603"; UniqueID = "\UJAUEVTP" ("\UJAUEVTP")
Change component parameters (AddParameter): Name = "0 LOAD CHECK 0"; Value = "¡´"; VariantName = "[No Variations]"
Change component parameters (AddParameter): Name = "Characteristics"; Value = "X7R"; VariantName = "[No Variations]"
Change component parameters (AddParameter): Name = "Distributor"; Value = "¹ñ´I"; VariantName = "[No Variations]"
Change component parameters (AddParameter): Name = "Distributor1"; Value = "·ç±¶"; VariantName = "[No Variations]"
Change component parameters (AddParameter): Name = "Distributor2"; Value = "¬ü©_"; VariantName = "[No Variations]"
Change component parameters (AddParameter): Name = "EIAJ"; Value = "C0402"; VariantName = "[No Variations]"
Change component parameters (AddParameter): Name = "GeometryHeight"; Value = "0.55mm"; VariantName = "[No Variations]"
Change component parameters (AddParameter): Name = "Manufacturer"; Value = "Murata"; VariantName = "[No Variations]"
Change component parameters (AddParameter): Name = "Material Description"; Value = "NC_CAP,ML,0.1uF,X7R,50V,0402,K%,MU,RoHS"; VariantName = "[No Variations]"
Change component parameters (AddParameter): Name = "MP"; Value = "GRM188R61E106MA73J"; VariantName = "[No Variations]"
Change component parameters (AddParameter): Name = "Part Name"; Value = "GRM188R61E106MA73J"; VariantName = "[No Variations]"
Change component parameters (AddParameter): Name = "Part Number"; Value = "NC_0102-1422C12"; VariantName = "[No Variations]"
Change component parameters (AddParameter): Name = "Part Type"; Value = "Capacitor"; VariantName = "[No Variations]"
Change component parameters (AddParameter): Name = "PCB Footprint"; Value = "C0603"; VariantName = "[No Variations]"
Change component parameters (AddParameter): Name = "Tolerance"; Value = "¡Ó10%"; VariantName = "[No Variations]"
Change component parameters (AddParameter): Name = "Voltage"; Value = "25V"; VariantName = "[No Variations]"
