Removed Pin From Net: NetName=GND Pin=R10-1
Removed Pin From Net: NetName=NetJ2_A5 Pin=R10-2
Removed Pin From Net: NetName=GND Pin=R11-1
Removed Pin From Net: NetName=NetJ2_B5 Pin=R11-2
Added Component: Designator=R10(RES_0603)
Add component (AddParameter): Name = "Package Size"; Value = ""; VariantName = "[No Variations]"
Add component (AddParameter): Name = "Power Rating"; Value = ""; VariantName = "[No Variations]"
Add component (AddParameter): Name = "Tolerance"; Value = ""; VariantName = "[No Variations]"
Added Component: Designator=R11(RES_0603)
Add component (AddParameter): Name = "Package Size"; Value = ""; VariantName = "[No Variations]"
Add component (AddParameter): Name = "Power Rating"; Value = ""; VariantName = "[No Variations]"
Add component (AddParameter): Name = "Tolerance"; Value = ""; VariantName = "[No Variations]"
Added Pin To Net: NetName=GND Pin=R10-1
Added Pin To Net: NetName=NetJ2_A5 Pin=R10-2
Added Pin To Net: NetName=GND Pin=R11-1
Added Pin To Net: NetName=NetJ2_B5 Pin=R11-2
Added Member To Class: ClassName=microcontroller_board1 Member=Component R21 0
Added Member To Class: ClassName=microcontroller_board1 Member=Component R22 0
Added Member To Class: ClassName=microcontroller_board1 Member=Component R29 0
Added Member To Class: ClassName=microcontroller_board1 Member=Component R30 0
