Added Component: Designator=B1(5010)
Add component (AddParameter): Name = "Arrow Part Number"; Value = "5010"; VariantName = "[No Variations]"
Add component (AddParameter): Name = "Arrow Price/Stock"; Value = "https://www.arrow.com/en/products/5010/keystone-electronics?region=europe"; VariantName = "[No Variations]"
Add component (AddParameter): Name = "Datasheet Link"; Value = "http://www.farnell.com/datasheets/1703983.pdf"; VariantName = "[No Variations]"
Add component (AddParameter): Name = "Geometry.Height"; Value = "8.28mm"; VariantName = "[No Variations]"
Add component (AddParameter): Name = "Manufacturer_Name"; Value = "Keystone Electronics"; VariantName = "[No Variations]"
Add component (AddParameter): Name = "Manufacturer_Part_Number"; Value = "5010"; VariantName = "[No Variations]"
Add component (AddParameter): Name = "Mouser Part Number"; Value = "534-5010"; VariantName = "[No Variations]"
Add component (AddParameter): Name = "Mouser Price/Stock"; Value = "https://www.mouser.co.uk/ProductDetail/Keystone-Electronics/5010?qs=qOqV1E1P08SzD%252BWfk1wMXQ%3D%3D"; VariantName = "[No Variations]"
Added Component: Designator=B2(5010)
Add component (AddParameter): Name = "Arrow Part Number"; Value = "5010"; VariantName = "[No Variations]"
Add component (AddParameter): Name = "Arrow Price/Stock"; Value = "https://www.arrow.com/en/products/5010/keystone-electronics?region=europe"; VariantName = "[No Variations]"
Add component (AddParameter): Name = "Datasheet Link"; Value = "http://www.farnell.com/datasheets/1703983.pdf"; VariantName = "[No Variations]"
Add component (AddParameter): Name = "Geometry.Height"; Value = "8.28mm"; VariantName = "[No Variations]"
Add component (AddParameter): Name = "Manufacturer_Name"; Value = "Keystone Electronics"; VariantName = "[No Variations]"
Add component (AddParameter): Name = "Manufacturer_Part_Number"; Value = "5010"; VariantName = "[No Variations]"
Add component (AddParameter): Name = "Mouser Part Number"; Value = "534-5010"; VariantName = "[No Variations]"
Add component (AddParameter): Name = "Mouser Price/Stock"; Value = "https://www.mouser.co.uk/ProductDetail/Keystone-Electronics/5010?qs=qOqV1E1P08SzD%252BWfk1wMXQ%3D%3D"; VariantName = "[No Variations]"
Added Component: Designator=B3(5010)
Add component (AddParameter): Name = "Arrow Part Number"; Value = "5010"; VariantName = "[No Variations]"
Add component (AddParameter): Name = "Arrow Price/Stock"; Value = "https://www.arrow.com/en/products/5010/keystone-electronics?region=europe"; VariantName = "[No Variations]"
Add component (AddParameter): Name = "Datasheet Link"; Value = "http://www.farnell.com/datasheets/1703983.pdf"; VariantName = "[No Variations]"
Add component (AddParameter): Name = "Geometry.Height"; Value = "8.28mm"; VariantName = "[No Variations]"
Add component (AddParameter): Name = "Manufacturer_Name"; Value = "Keystone Electronics"; VariantName = "[No Variations]"
Add component (AddParameter): Name = "Manufacturer_Part_Number"; Value = "5010"; VariantName = "[No Variations]"
Add component (AddParameter): Name = "Mouser Part Number"; Value = "534-5010"; VariantName = "[No Variations]"
Add component (AddParameter): Name = "Mouser Price/Stock"; Value = "https://www.mouser.co.uk/ProductDetail/Keystone-Electronics/5010?qs=qOqV1E1P08SzD%252BWfk1wMXQ%3D%3D"; VariantName = "[No Variations]"
Added Component: Designator=B4(5010)
Add component (AddParameter): Name = "Arrow Part Number"; Value = "5010"; VariantName = "[No Variations]"
Add component (AddParameter): Name = "Arrow Price/Stock"; Value = "https://www.arrow.com/en/products/5010/keystone-electronics?region=europe"; VariantName = "[No Variations]"
Add component (AddParameter): Name = "Datasheet Link"; Value = "http://www.farnell.com/datasheets/1703983.pdf"; VariantName = "[No Variations]"
Add component (AddParameter): Name = "Geometry.Height"; Value = "8.28mm"; VariantName = "[No Variations]"
Add component (AddParameter): Name = "Manufacturer_Name"; Value = "Keystone Electronics"; VariantName = "[No Variations]"
Add component (AddParameter): Name = "Manufacturer_Part_Number"; Value = "5010"; VariantName = "[No Variations]"
Add component (AddParameter): Name = "Mouser Part Number"; Value = "534-5010"; VariantName = "[No Variations]"
Add component (AddParameter): Name = "Mouser Price/Stock"; Value = "https://www.mouser.co.uk/ProductDetail/Keystone-Electronics/5010?qs=qOqV1E1P08SzD%252BWfk1wMXQ%3D%3D"; VariantName = "[No Variations]"
Added Component: Designator=B5(5010)
Add component (AddParameter): Name = "Arrow Part Number"; Value = "5010"; VariantName = "[No Variations]"
Add component (AddParameter): Name = "Arrow Price/Stock"; Value = "https://www.arrow.com/en/products/5010/keystone-electronics?region=europe"; VariantName = "[No Variations]"
Add component (AddParameter): Name = "Datasheet Link"; Value = "http://www.farnell.com/datasheets/1703983.pdf"; VariantName = "[No Variations]"
Add component (AddParameter): Name = "Geometry.Height"; Value = "8.28mm"; VariantName = "[No Variations]"
Add component (AddParameter): Name = "Manufacturer_Name"; Value = "Keystone Electronics"; VariantName = "[No Variations]"
Add component (AddParameter): Name = "Manufacturer_Part_Number"; Value = "5010"; VariantName = "[No Variations]"
Add component (AddParameter): Name = "Mouser Part Number"; Value = "534-5010"; VariantName = "[No Variations]"
Add component (AddParameter): Name = "Mouser Price/Stock"; Value = "https://www.mouser.co.uk/ProductDetail/Keystone-Electronics/5010?qs=qOqV1E1P08SzD%252BWfk1wMXQ%3D%3D"; VariantName = "[No Variations]"
Added Component: Designator=B6(5010)
Add component (AddParameter): Name = "Arrow Part Number"; Value = "5010"; VariantName = "[No Variations]"
Add component (AddParameter): Name = "Arrow Price/Stock"; Value = "https://www.arrow.com/en/products/5010/keystone-electronics?region=europe"; VariantName = "[No Variations]"
Add component (AddParameter): Name = "Datasheet Link"; Value = "http://www.farnell.com/datasheets/1703983.pdf"; VariantName = "[No Variations]"
Add component (AddParameter): Name = "Geometry.Height"; Value = "8.28mm"; VariantName = "[No Variations]"
Add component (AddParameter): Name = "Manufacturer_Name"; Value = "Keystone Electronics"; VariantName = "[No Variations]"
Add component (AddParameter): Name = "Manufacturer_Part_Number"; Value = "5010"; VariantName = "[No Variations]"
Add component (AddParameter): Name = "Mouser Part Number"; Value = "534-5010"; VariantName = "[No Variations]"
Add component (AddParameter): Name = "Mouser Price/Stock"; Value = "https://www.mouser.co.uk/ProductDetail/Keystone-Electronics/5010?qs=qOqV1E1P08SzD%252BWfk1wMXQ%3D%3D"; VariantName = "[No Variations]"
Added Component: Designator=B9(5010)
Add component (AddParameter): Name = "Arrow Part Number"; Value = "5010"; VariantName = "[No Variations]"
Add component (AddParameter): Name = "Arrow Price/Stock"; Value = "https://www.arrow.com/en/products/5010/keystone-electronics?region=europe"; VariantName = "[No Variations]"
Add component (AddParameter): Name = "Datasheet Link"; Value = "http://www.farnell.com/datasheets/1703983.pdf"; VariantName = "[No Variations]"
Add component (AddParameter): Name = "Geometry.Height"; Value = "8.28mm"; VariantName = "[No Variations]"
Add component (AddParameter): Name = "Manufacturer_Name"; Value = "Keystone Electronics"; VariantName = "[No Variations]"
Add component (AddParameter): Name = "Manufacturer_Part_Number"; Value = "5010"; VariantName = "[No Variations]"
Add component (AddParameter): Name = "Mouser Part Number"; Value = "534-5010"; VariantName = "[No Variations]"
Add component (AddParameter): Name = "Mouser Price/Stock"; Value = "https://www.mouser.co.uk/ProductDetail/Keystone-Electronics/5010?qs=qOqV1E1P08SzD%252BWfk1wMXQ%3D%3D"; VariantName = "[No Variations]"
Added Component: Designator=B10(5010)
Add component (AddParameter): Name = "Arrow Part Number"; Value = "5010"; VariantName = "[No Variations]"
Add component (AddParameter): Name = "Arrow Price/Stock"; Value = "https://www.arrow.com/en/products/5010/keystone-electronics?region=europe"; VariantName = "[No Variations]"
Add component (AddParameter): Name = "Datasheet Link"; Value = "http://www.farnell.com/datasheets/1703983.pdf"; VariantName = "[No Variations]"
Add component (AddParameter): Name = "Geometry.Height"; Value = "8.28mm"; VariantName = "[No Variations]"
Add component (AddParameter): Name = "Manufacturer_Name"; Value = "Keystone Electronics"; VariantName = "[No Variations]"
Add component (AddParameter): Name = "Manufacturer_Part_Number"; Value = "5010"; VariantName = "[No Variations]"
Add component (AddParameter): Name = "Mouser Part Number"; Value = "534-5010"; VariantName = "[No Variations]"
Add component (AddParameter): Name = "Mouser Price/Stock"; Value = "https://www.mouser.co.uk/ProductDetail/Keystone-Electronics/5010?qs=qOqV1E1P08SzD%252BWfk1wMXQ%3D%3D"; VariantName = "[No Variations]"
Added Component: Designator=B11(5010)
Add component (AddParameter): Name = "Arrow Part Number"; Value = "5010"; VariantName = "[No Variations]"
Add component (AddParameter): Name = "Arrow Price/Stock"; Value = "https://www.arrow.com/en/products/5010/keystone-electronics?region=europe"; VariantName = "[No Variations]"
Add component (AddParameter): Name = "Datasheet Link"; Value = "http://www.farnell.com/datasheets/1703983.pdf"; VariantName = "[No Variations]"
Add component (AddParameter): Name = "Geometry.Height"; Value = "8.28mm"; VariantName = "[No Variations]"
Add component (AddParameter): Name = "Manufacturer_Name"; Value = "Keystone Electronics"; VariantName = "[No Variations]"
Add component (AddParameter): Name = "Manufacturer_Part_Number"; Value = "5010"; VariantName = "[No Variations]"
Add component (AddParameter): Name = "Mouser Part Number"; Value = "534-5010"; VariantName = "[No Variations]"
Add component (AddParameter): Name = "Mouser Price/Stock"; Value = "https://www.mouser.co.uk/ProductDetail/Keystone-Electronics/5010?qs=qOqV1E1P08SzD%252BWfk1wMXQ%3D%3D"; VariantName = "[No Variations]"
Added Component: Designator=B12(5010)
Add component (AddParameter): Name = "Arrow Part Number"; Value = "5010"; VariantName = "[No Variations]"
Add component (AddParameter): Name = "Arrow Price/Stock"; Value = "https://www.arrow.com/en/products/5010/keystone-electronics?region=europe"; VariantName = "[No Variations]"
Add component (AddParameter): Name = "Datasheet Link"; Value = "http://www.farnell.com/datasheets/1703983.pdf"; VariantName = "[No Variations]"
Add component (AddParameter): Name = "Geometry.Height"; Value = "8.28mm"; VariantName = "[No Variations]"
Add component (AddParameter): Name = "Manufacturer_Name"; Value = "Keystone Electronics"; VariantName = "[No Variations]"
Add component (AddParameter): Name = "Manufacturer_Part_Number"; Value = "5010"; VariantName = "[No Variations]"
Add component (AddParameter): Name = "Mouser Part Number"; Value = "534-5010"; VariantName = "[No Variations]"
Add component (AddParameter): Name = "Mouser Price/Stock"; Value = "https://www.mouser.co.uk/ProductDetail/Keystone-Electronics/5010?qs=qOqV1E1P08SzD%252BWfk1wMXQ%3D%3D"; VariantName = "[No Variations]"
Added Component: Designator=B13(5010)
Add component (AddParameter): Name = "Arrow Part Number"; Value = "5010"; VariantName = "[No Variations]"
Add component (AddParameter): Name = "Arrow Price/Stock"; Value = "https://www.arrow.com/en/products/5010/keystone-electronics?region=europe"; VariantName = "[No Variations]"
Add component (AddParameter): Name = "Datasheet Link"; Value = "http://www.farnell.com/datasheets/1703983.pdf"; VariantName = "[No Variations]"
Add component (AddParameter): Name = "Geometry.Height"; Value = "8.28mm"; VariantName = "[No Variations]"
Add component (AddParameter): Name = "Manufacturer_Name"; Value = "Keystone Electronics"; VariantName = "[No Variations]"
Add component (AddParameter): Name = "Manufacturer_Part_Number"; Value = "5010"; VariantName = "[No Variations]"
Add component (AddParameter): Name = "Mouser Part Number"; Value = "534-5010"; VariantName = "[No Variations]"
Add component (AddParameter): Name = "Mouser Price/Stock"; Value = "https://www.mouser.co.uk/ProductDetail/Keystone-Electronics/5010?qs=qOqV1E1P08SzD%252BWfk1wMXQ%3D%3D"; VariantName = "[No Variations]"
Added Component: Designator=BUTTON1(TL3301AF160QG)
Added Component: Designator=BUTTON2(TL3301AF160QG)
Add component (AddParameter): Name = "PCB Footprint"; Value = ""; VariantName = "[No Variations]"
Added Component: Designator=C1(Cap_0805)
Add component (AddParameter): Name = "Capacitance"; Value = ""; VariantName = "[No Variations]"
Add component (AddParameter): Name = "Package Size"; Value = "CAP_0805"; VariantName = "[No Variations]"
Add component (AddParameter): Name = "Tolerance"; Value = ""; VariantName = "[No Variations]"
Add component (AddParameter): Name = "Voltage Rating"; Value = ""; VariantName = "[No Variations]"
Added Component: Designator=C2(Cap_0805)
Add component (AddParameter): Name = "Capacitance"; Value = ""; VariantName = "[No Variations]"
Add component (AddParameter): Name = "Package Size"; Value = "CAP_0805"; VariantName = "[No Variations]"
Add component (AddParameter): Name = "Tolerance"; Value = ""; VariantName = "[No Variations]"
Add component (AddParameter): Name = "Voltage Rating"; Value = ""; VariantName = "[No Variations]"
Added Component: Designator=C3(Cap_0805)
Add component (AddParameter): Name = "Capacitance"; Value = ""; VariantName = "[No Variations]"
Add component (AddParameter): Name = "Package Size"; Value = "CAP_0805"; VariantName = "[No Variations]"
Add component (AddParameter): Name = "Tolerance"; Value = ""; VariantName = "[No Variations]"
Add component (AddParameter): Name = "Voltage Rating"; Value = ""; VariantName = "[No Variations]"
Added Component: Designator=C4(Cap_0805)
Add component (AddParameter): Name = "Capacitance"; Value = ""; VariantName = "[No Variations]"
Add component (AddParameter): Name = "Package Size"; Value = "CAP_0805"; VariantName = "[No Variations]"
Add component (AddParameter): Name = "Tolerance"; Value = ""; VariantName = "[No Variations]"
Add component (AddParameter): Name = "Voltage Rating"; Value = ""; VariantName = "[No Variations]"
Added Component: Designator=C5(Cap_0805)
Add component (AddParameter): Name = "Capacitance"; Value = ""; VariantName = "[No Variations]"
Add component (AddParameter): Name = "Package Size"; Value = "CAP_0805"; VariantName = "[No Variations]"
Add component (AddParameter): Name = "Tolerance"; Value = ""; VariantName = "[No Variations]"
Add component (AddParameter): Name = "Voltage Rating"; Value = ""; VariantName = "[No Variations]"
Added Component: Designator=C6(Cap_0805)
Add component (AddParameter): Name = "Capacitance"; Value = ""; VariantName = "[No Variations]"
Add component (AddParameter): Name = "Package Size"; Value = "CAP_0805"; VariantName = "[No Variations]"
Add component (AddParameter): Name = "Tolerance"; Value = ""; VariantName = "[No Variations]"
Add component (AddParameter): Name = "Voltage Rating"; Value = ""; VariantName = "[No Variations]"
Added Component: Designator=C7(Cap_0603)
Add component (AddParameter): Name = "Package Size"; Value = "CAP_0603"; VariantName = "[No Variations]"
Add component (AddParameter): Name = "Tolerance"; Value = ""; VariantName = "[No Variations]"
Add component (AddParameter): Name = "Voltage Rating"; Value = ""; VariantName = "[No Variations]"
Added Component: Designator=C8(Cap_0603)
Add component (AddParameter): Name = "Package Size"; Value = "CAP_0603"; VariantName = "[No Variations]"
Add component (AddParameter): Name = "Tolerance"; Value = ""; VariantName = "[No Variations]"
Add component (AddParameter): Name = "Voltage Rating"; Value = ""; VariantName = "[No Variations]"
Added Component: Designator=C9(Cap_0805)
Add component (AddParameter): Name = "Capacitance"; Value = ""; VariantName = "[No Variations]"
Add component (AddParameter): Name = "Package Size"; Value = "CAP_0805"; VariantName = "[No Variations]"
Add component (AddParameter): Name = "Tolerance"; Value = ""; VariantName = "[No Variations]"
Add component (AddParameter): Name = "Voltage Rating"; Value = ""; VariantName = "[No Variations]"
Added Component: Designator=C10(Cap_0805)
Add component (AddParameter): Name = "Capacitance"; Value = ""; VariantName = "[No Variations]"
Add component (AddParameter): Name = "Package Size"; Value = "CAP_0805"; VariantName = "[No Variations]"
Add component (AddParameter): Name = "Tolerance"; Value = ""; VariantName = "[No Variations]"
Add component (AddParameter): Name = "Voltage Rating"; Value = ""; VariantName = "[No Variations]"
Added Component: Designator=C11(Cap_0805)
Add component (AddParameter): Name = "Capacitance"; Value = ""; VariantName = "[No Variations]"
Add component (AddParameter): Name = "Package Size"; Value = "CAP_0805"; VariantName = "[No Variations]"
Add component (AddParameter): Name = "Tolerance"; Value = ""; VariantName = "[No Variations]"
Add component (AddParameter): Name = "Voltage Rating"; Value = ""; VariantName = "[No Variations]"
Added Component: Designator=C12(Cap_0805)
Add component (AddParameter): Name = "Capacitance"; Value = ""; VariantName = "[No Variations]"
Add component (AddParameter): Name = "Package Size"; Value = "CAP_0805"; VariantName = "[No Variations]"
Add component (AddParameter): Name = "Tolerance"; Value = ""; VariantName = "[No Variations]"
Add component (AddParameter): Name = "Voltage Rating"; Value = ""; VariantName = "[No Variations]"
Added Component: Designator=C13(Cap_0603)
Add component (AddParameter): Name = "Package Size"; Value = "CAP_0603"; VariantName = "[No Variations]"
Add component (AddParameter): Name = "Tolerance"; Value = ""; VariantName = "[No Variations]"
Add component (AddParameter): Name = "Voltage Rating"; Value = ""; VariantName = "[No Variations]"
Added Component: Designator=C14(Cap_0603)
Add component (AddParameter): Name = "Package Size"; Value = "CAP_0603"; VariantName = "[No Variations]"
Add component (AddParameter): Name = "Tolerance"; Value = ""; VariantName = "[No Variations]"
Add component (AddParameter): Name = "Voltage Rating"; Value = ""; VariantName = "[No Variations]"
Added Component: Designator=C15(Cap_0603)
Add component (AddParameter): Name = "Package Size"; Value = "CAP_0603"; VariantName = "[No Variations]"
Add component (AddParameter): Name = "Tolerance"; Value = ""; VariantName = "[No Variations]"
Add component (AddParameter): Name = "Voltage Rating"; Value = ""; VariantName = "[No Variations]"
Added Component: Designator=C16(Cap_0603)
Add component (AddParameter): Name = "Package Size"; Value = "CAP_0603"; VariantName = "[No Variations]"
Add component (AddParameter): Name = "Tolerance"; Value = ""; VariantName = "[No Variations]"
Add component (AddParameter): Name = "Voltage Rating"; Value = ""; VariantName = "[No Variations]"
Added Component: Designator=C17(Cap_0603)
Add component (AddParameter): Name = "Package Size"; Value = "CAP_0603"; VariantName = "[No Variations]"
Add component (AddParameter): Name = "Tolerance"; Value = ""; VariantName = "[No Variations]"
Add component (AddParameter): Name = "Voltage Rating"; Value = ""; VariantName = "[No Variations]"
Added Component: Designator=C18(Cap_0805)
Add component (AddParameter): Name = "Capacitance"; Value = ""; VariantName = "[No Variations]"
Add component (AddParameter): Name = "Package Size"; Value = "CAP_0805"; VariantName = "[No Variations]"
Add component (AddParameter): Name = "Tolerance"; Value = ""; VariantName = "[No Variations]"
Add component (AddParameter): Name = "Voltage Rating"; Value = ""; VariantName = "[No Variations]"
Added Component: Designator=C19(Cap_0603)
Add component (AddParameter): Name = "0 LOAD CHECK 0"; Value = "¡´"; VariantName = "[No Variations]"
Add component (AddParameter): Name = "Characteristics"; Value = "X7R"; VariantName = "[No Variations]"
Add component (AddParameter): Name = "Distributor"; Value = "¹ñ´I"; VariantName = "[No Variations]"
Add component (AddParameter): Name = "Distributor1"; Value = "·ç±¶"; VariantName = "[No Variations]"
Add component (AddParameter): Name = "Distributor2"; Value = "¬ü©_"; VariantName = "[No Variations]"
Add component (AddParameter): Name = "EIAJ"; Value = "C0402"; VariantName = "[No Variations]"
Add component (AddParameter): Name = "GeometryHeight"; Value = "0.55mm"; VariantName = "[No Variations]"
Add component (AddParameter): Name = "Manufacturer"; Value = "Murata"; VariantName = "[No Variations]"
Add component (AddParameter): Name = "Material Description"; Value = "NC_CAP,ML,0.1uF,X7R,50V,0402,K%,MU,RoHS"; VariantName = "[No Variations]"
Add component (AddParameter): Name = "Part Name"; Value = "NC_GRM155R71H104KE14D"; VariantName = "[No Variations]"
Add component (AddParameter): Name = "Part Number"; Value = "NC_0102-1422C12"; VariantName = "[No Variations]"
Add component (AddParameter): Name = "Part Type"; Value = "Capacitor"; VariantName = "[No Variations]"
Add component (AddParameter): Name = "PCB Footprint"; Value = "C0603"; VariantName = "[No Variations]"
Add component (AddParameter): Name = "Tolerance"; Value = "¡Ó10%"; VariantName = "[No Variations]"
Add component (AddParameter): Name = "Voltage"; Value = "16V"; VariantName = "[No Variations]"
Added Component: Designator=C20(Cap_0603)
Add component (AddParameter): Name = "0 LOAD CHECK 0"; Value = "¡´"; VariantName = "[No Variations]"
Add component (AddParameter): Name = "Characteristics"; Value = "X7R"; VariantName = "[No Variations]"
Add component (AddParameter): Name = "Distributor"; Value = "¹ñ´I"; VariantName = "[No Variations]"
Add component (AddParameter): Name = "Distributor1"; Value = "·ç±¶"; VariantName = "[No Variations]"
Add component (AddParameter): Name = "Distributor2"; Value = "¬ü©_"; VariantName = "[No Variations]"
Add component (AddParameter): Name = "EIAJ"; Value = "C0402"; VariantName = "[No Variations]"
Add component (AddParameter): Name = "GeometryHeight"; Value = "0.55mm"; VariantName = "[No Variations]"
Add component (AddParameter): Name = "Manufacturer"; Value = "Murata"; VariantName = "[No Variations]"
Add component (AddParameter): Name = "Material Description"; Value = "NC_CAP,ML,0.1uF,X7R,50V,0402,K%,MU,RoHS"; VariantName = "[No Variations]"
Add component (AddParameter): Name = "Part Name"; Value = "NC_GRM155R71H104KE14D"; VariantName = "[No Variations]"
Add component (AddParameter): Name = "Part Number"; Value = "NC_0102-1422C12"; VariantName = "[No Variations]"
Add component (AddParameter): Name = "Part Type"; Value = "Capacitor"; VariantName = "[No Variations]"
Add component (AddParameter): Name = "PCB Footprint"; Value = "C0603"; VariantName = "[No Variations]"
Add component (AddParameter): Name = "Tolerance"; Value = "¡Ó10%"; VariantName = "[No Variations]"
Add component (AddParameter): Name = "Voltage"; Value = "25V"; VariantName = "[No Variations]"
Added Component: Designator=C21(Cap_0603)
Add component (AddParameter): Name = "0 LOAD CHECK 0"; Value = "¡´"; VariantName = "[No Variations]"
Add component (AddParameter): Name = "Characteristics"; Value = "X7R"; VariantName = "[No Variations]"
Add component (AddParameter): Name = "Distributor"; Value = "¹ñ´I"; VariantName = "[No Variations]"
Add component (AddParameter): Name = "Distributor1"; Value = "·ç±¶"; VariantName = "[No Variations]"
Add component (AddParameter): Name = "Distributor2"; Value = "¬ü©_"; VariantName = "[No Variations]"
Add component (AddParameter): Name = "EIAJ"; Value = "C0402"; VariantName = "[No Variations]"
Add component (AddParameter): Name = "GeometryHeight"; Value = "0.55mm"; VariantName = "[No Variations]"
Add component (AddParameter): Name = "Manufacturer"; Value = "Murata"; VariantName = "[No Variations]"
Add component (AddParameter): Name = "Material Description"; Value = "NC_CAP,ML,0.1uF,X7R,50V,0402,K%,MU,RoHS"; VariantName = "[No Variations]"
Add component (AddParameter): Name = "Part Name"; Value = "NC_GRM155R71H104KE14D"; VariantName = "[No Variations]"
Add component (AddParameter): Name = "Part Number"; Value = "NC_0102-1422C12"; VariantName = "[No Variations]"
Add component (AddParameter): Name = "Part Type"; Value = "Capacitor"; VariantName = "[No Variations]"
Add component (AddParameter): Name = "PCB Footprint"; Value = "C0603"; VariantName = "[No Variations]"
Add component (AddParameter): Name = "Tolerance"; Value = "¡Ó10%"; VariantName = "[No Variations]"
Add component (AddParameter): Name = "Voltage"; Value = "50V"; VariantName = "[No Variations]"
Added Component: Designator=C22(Cap_0603)
Add component (AddParameter): Name = "0 LOAD CHECK 0"; Value = "¡´"; VariantName = "[No Variations]"
Add component (AddParameter): Name = "Characteristics"; Value = "X7R"; VariantName = "[No Variations]"
Add component (AddParameter): Name = "Distributor"; Value = "¹ñ´I"; VariantName = "[No Variations]"
Add component (AddParameter): Name = "Distributor1"; Value = "·ç±¶"; VariantName = "[No Variations]"
Add component (AddParameter): Name = "Distributor2"; Value = "¬ü©_"; VariantName = "[No Variations]"
Add component (AddParameter): Name = "EIAJ"; Value = "C0402"; VariantName = "[No Variations]"
Add component (AddParameter): Name = "GeometryHeight"; Value = "0.55mm"; VariantName = "[No Variations]"
Add component (AddParameter): Name = "Manufacturer"; Value = "Murata"; VariantName = "[No Variations]"
Add component (AddParameter): Name = "Material Description"; Value = "NC_CAP,ML,0.1uF,X7R,50V,0402,K%,MU,RoHS"; VariantName = "[No Variations]"
Add component (AddParameter): Name = "Part Name"; Value = "NC_GRM155R71H104KE14D"; VariantName = "[No Variations]"
Add component (AddParameter): Name = "Part Number"; Value = "NC_0102-1422C12"; VariantName = "[No Variations]"
Add component (AddParameter): Name = "Part Type"; Value = "Capacitor"; VariantName = "[No Variations]"
Add component (AddParameter): Name = "PCB Footprint"; Value = "C0603"; VariantName = "[No Variations]"
Add component (AddParameter): Name = "Tolerance"; Value = "¡Ó10%"; VariantName = "[No Variations]"
Add component (AddParameter): Name = "Voltage"; Value = "16V"; VariantName = "[No Variations]"
Added Component: Designator=C23(Cap_0603)
Add component (AddParameter): Name = "0 LOAD CHECK 0"; Value = "¡´"; VariantName = "[No Variations]"
Add component (AddParameter): Name = "Characteristics"; Value = "X7R"; VariantName = "[No Variations]"
Add component (AddParameter): Name = "Distributor"; Value = "¹ñ´I"; VariantName = "[No Variations]"
Add component (AddParameter): Name = "Distributor1"; Value = "·ç±¶"; VariantName = "[No Variations]"
Add component (AddParameter): Name = "Distributor2"; Value = "¬ü©_"; VariantName = "[No Variations]"
Add component (AddParameter): Name = "EIAJ"; Value = "C0402"; VariantName = "[No Variations]"
Add component (AddParameter): Name = "GeometryHeight"; Value = "0.55mm"; VariantName = "[No Variations]"
Add component (AddParameter): Name = "Manufacturer"; Value = "Murata"; VariantName = "[No Variations]"
Add component (AddParameter): Name = "Material Description"; Value = "NC_CAP,ML,0.1uF,X7R,50V,0402,K%,MU,RoHS"; VariantName = "[No Variations]"
Add component (AddParameter): Name = "Part Name"; Value = "NC_GRM155R71H104KE14D"; VariantName = "[No Variations]"
Add component (AddParameter): Name = "Part Number"; Value = "NC_0102-1422C12"; VariantName = "[No Variations]"
Add component (AddParameter): Name = "Part Type"; Value = "Capacitor"; VariantName = "[No Variations]"
Add component (AddParameter): Name = "PCB Footprint"; Value = "C0603"; VariantName = "[No Variations]"
Add component (AddParameter): Name = "Tolerance"; Value = "¡Ó10%"; VariantName = "[No Variations]"
Add component (AddParameter): Name = "Voltage"; Value = "16V"; VariantName = "[No Variations]"
Added Component: Designator=C24(Cap_0603)
Add component (AddParameter): Name = "Package Size"; Value = "CAP_0603"; VariantName = "[No Variations]"
Add component (AddParameter): Name = "Tolerance"; Value = ""; VariantName = "[No Variations]"
Add component (AddParameter): Name = "Voltage Rating"; Value = ""; VariantName = "[No Variations]"
Added Component: Designator=C25(Cap_0805)
Add component (AddParameter): Name = "Capacitance"; Value = ""; VariantName = "[No Variations]"
Add component (AddParameter): Name = "Package Size"; Value = "CAP_0805"; VariantName = "[No Variations]"
Add component (AddParameter): Name = "Tolerance"; Value = ""; VariantName = "[No Variations]"
Add component (AddParameter): Name = "Voltage Rating"; Value = ""; VariantName = "[No Variations]"
Added Component: Designator=D1(ON_Semi_SOD-123F_0)
Add component (AddParameter): Name = "ComponentLink1Description"; Value = "Manufacturer URL"; VariantName = "[No Variations]"
Add component (AddParameter): Name = "ComponentLink1URL"; Value = "http://www.vishay.com/"; VariantName = "[No Variations]"
Add component (AddParameter): Name = "ComponentLink2Description"; Value = "Datasheet"; VariantName = "[No Variations]"
Add component (AddParameter): Name = "ComponentLink2URL"; Value = "http://www.vishay.com/docs/88746/ss12.pdf"; VariantName = "[No Variations]"
Add component (AddParameter): Name = "ComponentLink3Description"; Value = "Package Specification"; VariantName = "[No Variations]"
Add component (AddParameter): Name = "ComponentLink3URL"; Value = "http://www.vishay.com/docs/88746/ss12.pdf"; VariantName = "[No Variations]"
Add component (AddParameter): Name = "MF"; Value = ""; VariantName = "[No Variations]"
Add component (AddParameter): Name = "MP"; Value = ""; VariantName = "[No Variations]"
Add component (AddParameter): Name = "Value"; Value = ""; VariantName = "[No Variations]"
Added Component: Designator=D2(ON_Semi_SOD-123F_0)
Add component (AddParameter): Name = "ComponentLink1Description"; Value = "Manufacturer URL"; VariantName = "[No Variations]"
Add component (AddParameter): Name = "ComponentLink1URL"; Value = "http://www.vishay.com/"; VariantName = "[No Variations]"
Add component (AddParameter): Name = "ComponentLink2Description"; Value = "Datasheet"; VariantName = "[No Variations]"
Add component (AddParameter): Name = "ComponentLink2URL"; Value = "http://www.vishay.com/docs/88746/ss12.pdf"; VariantName = "[No Variations]"
Add component (AddParameter): Name = "ComponentLink3Description"; Value = "Package Specification"; VariantName = "[No Variations]"
Add component (AddParameter): Name = "ComponentLink3URL"; Value = "http://www.vishay.com/docs/88746/ss12.pdf"; VariantName = "[No Variations]"
Add component (AddParameter): Name = "MF"; Value = ""; VariantName = "[No Variations]"
Add component (AddParameter): Name = "MP"; Value = ""; VariantName = "[No Variations]"
Add component (AddParameter): Name = "Value"; Value = ""; VariantName = "[No Variations]"
Added Component: Designator=D3(ON_Semi_SOD-123F_0)
Add component (AddParameter): Name = "ComponentLink1Description"; Value = "Manufacturer URL"; VariantName = "[No Variations]"
Add component (AddParameter): Name = "ComponentLink1URL"; Value = "http://www.vishay.com/"; VariantName = "[No Variations]"
Add component (AddParameter): Name = "ComponentLink2Description"; Value = "Datasheet"; VariantName = "[No Variations]"
Add component (AddParameter): Name = "ComponentLink2URL"; Value = "http://www.vishay.com/docs/88746/ss12.pdf"; VariantName = "[No Variations]"
Add component (AddParameter): Name = "ComponentLink3Description"; Value = "Package Specification"; VariantName = "[No Variations]"
Add component (AddParameter): Name = "ComponentLink3URL"; Value = "http://www.vishay.com/docs/88746/ss12.pdf"; VariantName = "[No Variations]"
Add component (AddParameter): Name = "MF"; Value = ""; VariantName = "[No Variations]"
Add component (AddParameter): Name = "MP"; Value = ""; VariantName = "[No Variations]"
Add component (AddParameter): Name = "Value"; Value = ""; VariantName = "[No Variations]"
Added Component: Designator=D4(DIOM7959X265N)
Add component (AddParameter): Name = "Check_prices"; Value = "https://www.snapeda.com/parts/SS34/Onsemi/view-part/?ref=eda"; VariantName = "[No Variations]"
Add component (AddParameter): Name = "MF"; Value = "onsemi"; VariantName = "[No Variations]"
Add component (AddParameter): Name = "MP"; Value = "SS34"; VariantName = "[No Variations]"
Add component (AddParameter): Name = "Package"; Value = "SMC-2 ON Semiconductor"; VariantName = "[No Variations]"
Add component (AddParameter): Name = "SnapEDA_Link"; Value = "https://www.snapeda.com/parts/SS34/Onsemi/view-part/?ref=snap"; VariantName = "[No Variations]"
Add component (AddParameter): Name = "Value"; Value = ""; VariantName = "[No Variations]"
Added Component: Designator=D5(LEDM1608X80)
Add component (AddParameter): Name = "Availability"; Value = "Unavailable"; VariantName = "[No Variations]"
Add component (AddParameter): Name = "MF"; Value = "Broadcom Limited"; VariantName = "[No Variations]"
Add component (AddParameter): Name = "MP"; Value = "HSMS-C190"; VariantName = "[No Variations]"
Add component (AddParameter): Name = "Package"; Value = "0603 Broadcom"; VariantName = "[No Variations]"
Add component (AddParameter): Name = "Price"; Value = "None"; VariantName = "[No Variations]"
Add component (AddParameter): Name = "SnapEDA_Link"; Value = "https://www.snapeda.com/parts/HSMS-C190/Broadcom%20Limited/view-part/1781258/?ref=snap"; VariantName = "[No Variations]"
Add component (AddParameter): Name = "Value"; Value = ""; VariantName = "[No Variations]"
Added Component: Designator=D6(DIO_TPD4E02B04DQAR)
Add component (AddParameter): Name = "Check_prices"; Value = "https://www.snapeda.com/parts/TPD4E02B04DQAR/Texas%20Instruments/view-part/576424/?ref=eda"; VariantName = "[No Variations]"
Add component (AddParameter): Name = "Digi-Key_Part_Number"; Value = "296-43875-1-ND"; VariantName = "[No Variations]"
Add component (AddParameter): Name = "MF"; Value = "Texas Instruments"; VariantName = "[No Variations]"
Add component (AddParameter): Name = "MP"; Value = "TPD4E02B04DQAR"; VariantName = "[No Variations]"
Add component (AddParameter): Name = "Package"; Value = "USON-10 Texas Instruments"; VariantName = "[No Variations]"
Add component (AddParameter): Name = "Purchase-URL"; Value = "https://pricing.snapeda.com/search/part/TPD4E02B04DQAR/?ref=eda"; VariantName = "[No Variations]"
Add component (AddParameter): Name = "SnapEDA_Link"; Value = "https://www.snapeda.com/parts/TPD4E02B04DQAR/Texas%20Instruments/view-part/576424/?ref=snap"; VariantName = "[No Variations]"
Add component (AddParameter): Name = "Value"; Value = ""; VariantName = "[No Variations]"
Added Component: Designator=J1(PANASONIC_AYF532435)
Add component (AddParameter): Name = "Availability"; Value = "In Stock"; VariantName = "[No Variations]"
Add component (AddParameter): Name = "Check_prices"; Value = "https://www.snapeda.com/parts/AYF532435/Panasonic/view-part/3222527/?ref=eda"; VariantName = "[No Variations]"
Add component (AddParameter): Name = "MF"; Value = "Panasonic Electric Works"; VariantName = "[No Variations]"
Add component (AddParameter): Name = "MP"; Value = "AYF532435"; VariantName = "[No Variations]"
Add component (AddParameter): Name = "Package"; Value = "None"; VariantName = "[No Variations]"
Add component (AddParameter): Name = "Price"; Value = "None"; VariantName = "[No Variations]"
Add component (AddParameter): Name = "Purchase-URL"; Value = "https://pricing.snapeda.com/search/part/AYF532435/?ref=eda"; VariantName = "[No Variations]"
Add component (AddParameter): Name = "SnapEDA_Link"; Value = "https://www.snapeda.com/parts/AYF532435/Panasonic/view-part/3222527/?ref=snap"; VariantName = "[No Variations]"
Add component (AddParameter): Name = "Value"; Value = ""; VariantName = "[No Variations]"
Added Component: Designator=J2(GCT_USB4105-GF-A)
Add component (AddParameter): Name = "Check_prices"; Value = "https://www.snapeda.com/parts/USB4105-GF-A/Global+Connector+Technology/view-part/?ref=eda"; VariantName = "[No Variations]"
Add component (AddParameter): Name = "MF"; Value = "GCT"; VariantName = "[No Variations]"
Add component (AddParameter): Name = "MP"; Value = "USB4105-GF-A"; VariantName = "[No Variations]"
Add component (AddParameter): Name = "Package"; Value = "None"; VariantName = "[No Variations]"
Add component (AddParameter): Name = "SnapEDA_Link"; Value = "https://www.snapeda.com/parts/USB4105-GF-A/Global+Connector+Technology/view-part/?ref=snap"; VariantName = "[No Variations]"
Add component (AddParameter): Name = "Value"; Value = ""; VariantName = "[No Variations]"
Added Component: Designator=L1(IND_CDRH2D18/HPNP-1R1NC)
Add component (AddParameter): Name = "Availability"; Value = "Unavailable"; VariantName = "[No Variations]"
Add component (AddParameter): Name = "MF"; Value = ""; VariantName = "[No Variations]"
Add component (AddParameter): Name = "MP"; Value = "CDRH2D18/HPNP-1R1NC"; VariantName = "[No Variations]"
Add component (AddParameter): Name = "Package"; Value = "None"; VariantName = "[No Variations]"
Add component (AddParameter): Name = "Price"; Value = "None"; VariantName = "[No Variations]"
Add component (AddParameter): Name = "Value"; Value = ""; VariantName = "[No Variations]"
Added Component: Designator=P1(HDR1X5)
Add component (AddParameter): Name = "LatestRevisionDate"; Value = "17-Jul-2002"; VariantName = "[No Variations]"
Add component (AddParameter): Name = "LatestRevisionNote"; Value = "Re-released for DXP Platform."; VariantName = "[No Variations]"
Add component (AddParameter): Name = "Publisher"; Value = "Altium Limited"; VariantName = "[No Variations]"
Added Component: Designator=P2(HDR1X6)
Add component (AddParameter): Name = "LatestRevisionDate"; Value = "17-Jul-2002"; VariantName = "[No Variations]"
Add component (AddParameter): Name = "LatestRevisionNote"; Value = "Re-released for DXP Platform."; VariantName = "[No Variations]"
Add component (AddParameter): Name = "Publisher"; Value = "Altium Limited"; VariantName = "[No Variations]"
Added Component: Designator=Q1(SOT65P210X110-3N)
Add component (AddParameter): Name = "Availability"; Value = "In Stock"; VariantName = "[No Variations]"
Add component (AddParameter): Name = "Check_prices"; Value = "https://www.snapeda.com/parts/SI1308EDL-T1-GE3/Vishay%20Siliconix/view-part/5506696/?ref=eda"; VariantName = "[No Variations]"
Add component (AddParameter): Name = "MF"; Value = "Vishay Siliconix"; VariantName = "[No Variations]"
Add component (AddParameter): Name = "MP"; Value = "SI1308EDL-T1-GE3"; VariantName = "[No Variations]"
Add component (AddParameter): Name = "Package"; Value = "SOT-323 Vishay Semiconductor"; VariantName = "[No Variations]"
Add component (AddParameter): Name = "Price"; Value = "None"; VariantName = "[No Variations]"
Add component (AddParameter): Name = "Purchase-URL"; Value = "https://pricing.snapeda.com/search/part/SI1308EDL-T1-GE3/?ref=eda"; VariantName = "[No Variations]"
Add component (AddParameter): Name = "SnapEDA_Link"; Value = "https://www.snapeda.com/parts/SI1308EDL-T1-GE3/Vishay%20Siliconix/view-part/5506696/?ref=snap"; VariantName = "[No Variations]"
Add component (AddParameter): Name = "Value"; Value = ""; VariantName = "[No Variations]"
Added Component: Designator=Q2(SOT23-BEC)
Add component (AddParameter): Name = "Availability"; Value = "In Stock"; VariantName = "[No Variations]"
Add component (AddParameter): Name = "Check_prices"; Value = "https://www.snapeda.com/parts/MMBT2222/Onsemi/view-part/?ref=eda"; VariantName = "[No Variations]"
Add component (AddParameter): Name = "MF"; Value = "ON Semiconductor"; VariantName = "[No Variations]"
Add component (AddParameter): Name = "MP"; Value = "MMBT2222"; VariantName = "[No Variations]"
Add component (AddParameter): Name = "Package"; Value = "SOT-23-3 Fairchild Semiconductor"; VariantName = "[No Variations]"
Add component (AddParameter): Name = "Price"; Value = "None"; VariantName = "[No Variations]"
Add component (AddParameter): Name = "SnapEDA_Link"; Value = "https://www.snapeda.com/parts/MMBT2222/Onsemi/view-part/?ref=snap"; VariantName = "[No Variations]"
Add component (AddParameter): Name = "Value"; Value = ""; VariantName = "[No Variations]"
Added Component: Designator=Q3(KSC3265YMTF)
Added Component: Designator=Q4(KSC3265YMTF)
Added Component: Designator=R1(RES_0805)
Add component (AddParameter): Name = "Package Size"; Value = "RES_0805"; VariantName = "[No Variations]"
Add component (AddParameter): Name = "Power Rating"; Value = ""; VariantName = "[No Variations]"
Add component (AddParameter): Name = "Tolerance"; Value = ""; VariantName = "[No Variations]"
Added Component: Designator=R2(RES_0805)
Add component (AddParameter): Name = "Package Size"; Value = "RES_0805"; VariantName = "[No Variations]"
Add component (AddParameter): Name = "Power Rating"; Value = ""; VariantName = "[No Variations]"
Add component (AddParameter): Name = "Tolerance"; Value = ""; VariantName = "[No Variations]"
Added Component: Designator=R3(RES_0603)
Add component (AddParameter): Name = "Package Size"; Value = ""; VariantName = "[No Variations]"
Add component (AddParameter): Name = "Power Rating"; Value = ""; VariantName = "[No Variations]"
Add component (AddParameter): Name = "Tolerance"; Value = ""; VariantName = "[No Variations]"
Added Component: Designator=R4(RES_0603)
Add component (AddParameter): Name = "Package Size"; Value = ""; VariantName = "[No Variations]"
Add component (AddParameter): Name = "Power Rating"; Value = ""; VariantName = "[No Variations]"
Add component (AddParameter): Name = "Tolerance"; Value = ""; VariantName = "[No Variations]"
Added Component: Designator=R5(RES_0603)
Add component (AddParameter): Name = "Package Size"; Value = ""; VariantName = "[No Variations]"
Add component (AddParameter): Name = "Power Rating"; Value = ""; VariantName = "[No Variations]"
Add component (AddParameter): Name = "Tolerance"; Value = ""; VariantName = "[No Variations]"
Added Component: Designator=R6(RES_0603)
Add component (AddParameter): Name = "Package Size"; Value = ""; VariantName = "[No Variations]"
Add component (AddParameter): Name = "Power Rating"; Value = ""; VariantName = "[No Variations]"
Add component (AddParameter): Name = "Tolerance"; Value = ""; VariantName = "[No Variations]"
Added Component: Designator=R7(RES_0603)
Add component (AddParameter): Name = "Package Size"; Value = ""; VariantName = "[No Variations]"
Add component (AddParameter): Name = "Power Rating"; Value = ""; VariantName = "[No Variations]"
Add component (AddParameter): Name = "Tolerance"; Value = ""; VariantName = "[No Variations]"
Added Component: Designator=R8(RES_0603)
Add component (AddParameter): Name = "Package Size"; Value = ""; VariantName = "[No Variations]"
Add component (AddParameter): Name = "Power Rating"; Value = ""; VariantName = "[No Variations]"
Add component (AddParameter): Name = "Tolerance"; Value = ""; VariantName = "[No Variations]"
Added Component: Designator=R9(RES_0603)
Add component (AddParameter): Name = "Package Size"; Value = ""; VariantName = "[No Variations]"
Add component (AddParameter): Name = "Power Rating"; Value = ""; VariantName = "[No Variations]"
Add component (AddParameter): Name = "Tolerance"; Value = ""; VariantName = "[No Variations]"
Added Component: Designator=R10(RES_0402)
Add component (AddParameter): Name = "Package Size"; Value = "RES_0402"; VariantName = "[No Variations]"
Add component (AddParameter): Name = "Power Rating"; Value = ""; VariantName = "[No Variations]"
Add component (AddParameter): Name = "Tolerance"; Value = ""; VariantName = "[No Variations]"
Added Component: Designator=R11(RES_0402)
Add component (AddParameter): Name = "Package Size"; Value = "RES_0402"; VariantName = "[No Variations]"
Add component (AddParameter): Name = "Power Rating"; Value = ""; VariantName = "[No Variations]"
Add component (AddParameter): Name = "Tolerance"; Value = ""; VariantName = "[No Variations]"
Added Component: Designator=R12(R0402)
Add component (AddParameter): Name = "PCB Footprint"; Value = "R0402"; VariantName = "[No Variations]"
Added Component: Designator=R13(RES_0603)
Add component (AddParameter): Name = "Package Size"; Value = ""; VariantName = "[No Variations]"
Add component (AddParameter): Name = "Power Rating"; Value = ""; VariantName = "[No Variations]"
Add component (AddParameter): Name = "Tolerance"; Value = ""; VariantName = "[No Variations]"
Added Component: Designator=R14(RES_0603)
Add component (AddParameter): Name = "Package Size"; Value = ""; VariantName = "[No Variations]"
Add component (AddParameter): Name = "Power Rating"; Value = ""; VariantName = "[No Variations]"
Add component (AddParameter): Name = "Tolerance"; Value = ""; VariantName = "[No Variations]"
Added Component: Designator=R15(R0402)
Add component (AddParameter): Name = "PCB Footprint"; Value = "R0402"; VariantName = "[No Variations]"
Added Component: Designator=R16(RES_0603)
Add component (AddParameter): Name = "Package Size"; Value = ""; VariantName = "[No Variations]"
Add component (AddParameter): Name = "Power Rating"; Value = ""; VariantName = "[No Variations]"
Add component (AddParameter): Name = "Tolerance"; Value = ""; VariantName = "[No Variations]"
Added Component: Designator=R17(R0402)
Add component (AddParameter): Name = "PCB Footprint"; Value = "R0402"; VariantName = "[No Variations]"
Added Component: Designator=R18(RES_0603)
Add component (AddParameter): Name = "Package Size"; Value = ""; VariantName = "[No Variations]"
Add component (AddParameter): Name = "Power Rating"; Value = ""; VariantName = "[No Variations]"
Add component (AddParameter): Name = "Tolerance"; Value = ""; VariantName = "[No Variations]"
Added Component: Designator=R21(R0402)
Add component (AddParameter): Name = "PCB Footprint"; Value = "R0402"; VariantName = "[No Variations]"
Added Component: Designator=R22(R0402)
Add component (AddParameter): Name = "PCB Footprint"; Value = "R0402"; VariantName = "[No Variations]"
Added Component: Designator=R23(R0402)
Add component (AddParameter): Name = "PCB Footprint"; Value = "R0402"; VariantName = "[No Variations]"
Added Component: Designator=R24(R0402)
Add component (AddParameter): Name = "PCB Footprint"; Value = "R0402"; VariantName = "[No Variations]"
Added Component: Designator=R25(R0402)
Add component (AddParameter): Name = "PCB Footprint"; Value = "R0402"; VariantName = "[No Variations]"
Added Component: Designator=R26(R0402)
Add component (AddParameter): Name = "PCB Footprint"; Value = "R0402"; VariantName = "[No Variations]"
Added Component: Designator=R27(RES_0603)
Add component (AddParameter): Name = "Package Size"; Value = ""; VariantName = "[No Variations]"
Add component (AddParameter): Name = "Power Rating"; Value = ""; VariantName = "[No Variations]"
Add component (AddParameter): Name = "Tolerance"; Value = ""; VariantName = "[No Variations]"
Added Component: Designator=R28(RES_0805)
Add component (AddParameter): Name = "Package Size"; Value = "RES_0805"; VariantName = "[No Variations]"
Add component (AddParameter): Name = "Power Rating"; Value = ""; VariantName = "[No Variations]"
Add component (AddParameter): Name = "Tolerance"; Value = ""; VariantName = "[No Variations]"
Added Component: Designator=R29(R0402)
Add component (AddParameter): Name = "PCB Footprint"; Value = "R0402"; VariantName = "[No Variations]"
Added Component: Designator=R30(R0402)
Add component (AddParameter): Name = "PCB Footprint"; Value = "R0402"; VariantName = "[No Variations]"
Added Component: Designator=U1(SOT23-3)
Add component (AddParameter): Name = "Check_prices"; Value = "https://www.snapeda.com/parts/AO3401/Alpha+%2526+Omega+Semiconductor+Inc./view-part/?ref=eda"; VariantName = "[No Variations]"
Add component (AddParameter): Name = "MF"; Value = "Alpha &"; VariantName = "[No Variations]"
Add component (AddParameter): Name = "MP"; Value = "AO3401"; VariantName = "[No Variations]"
Add component (AddParameter): Name = "Package"; Value = "TO-236-3 Alpha &amp; Omega Semiconductor Inc."; VariantName = "[No Variations]"
Add component (AddParameter): Name = "SnapEDA_Link"; Value = "https://www.snapeda.com/parts/AO3401/Alpha+%2526+Omega+Semiconductor+Inc./view-part/?ref=snap"; VariantName = "[No Variations]"
Add component (AddParameter): Name = "Value"; Value = ""; VariantName = "[No Variations]"
Added Component: Designator=U2(SOT94P279X129-5N)
Add component (AddParameter): Name = "Check_prices"; Value = "https://www.snapeda.com/parts/RT9193-33GB/Richtek+USA+Inc./view-part/?ref=eda"; VariantName = "[No Variations]"
Add component (AddParameter): Name = "Digi-Key_Part_Number"; Value = "1028-1014-2-ND"; VariantName = "[No Variations]"
Add component (AddParameter): Name = "MF"; Value = "Richtek USA"; VariantName = "[No Variations]"
Add component (AddParameter): Name = "MP"; Value = "RT9193-33GB"; VariantName = "[No Variations]"
Add component (AddParameter): Name = "Package"; Value = "SOT-23-5 Richtek"; VariantName = "[No Variations]"
Add component (AddParameter): Name = "Purchase-URL"; Value = "https://pricing.snapeda.com/search/part/RT9193-33GB/?ref=eda"; VariantName = "[No Variations]"
Add component (AddParameter): Name = "SnapEDA_Link"; Value = "https://www.snapeda.com/parts/RT9193-33GB/Richtek+USA+Inc./view-part/?ref=snap"; VariantName = "[No Variations]"
Add component (AddParameter): Name = "Value"; Value = ""; VariantName = "[No Variations]"
Added Component: Designator=U3(IC_TXS0108ERGYR)
Add component (AddParameter): Name = "Availability"; Value = "Unavailable"; VariantName = "[No Variations]"
Add component (AddParameter): Name = "MF"; Value = "Texas Instruments"; VariantName = "[No Variations]"
Add component (AddParameter): Name = "MP"; Value = "TXS0108ERGYR"; VariantName = "[No Variations]"
Add component (AddParameter): Name = "Package"; Value = "VQFN-20 Texas Instruments"; VariantName = "[No Variations]"
Add component (AddParameter): Name = "Price"; Value = "None"; VariantName = "[No Variations]"
Add component (AddParameter): Name = "Purchase-URL"; Value = "https://pricing.snapeda.com/search/part/TXS0108ERGYR/?ref=eda"; VariantName = "[No Variations]"
Add component (AddParameter): Name = "SnapEDA_Link"; Value = "https://www.snapeda.com/parts/TXS0108ERGYR/Texas%20Instruments/view-part/46552/?ref=snap"; VariantName = "[No Variations]"
Add component (AddParameter): Name = "Value"; Value = ""; VariantName = "[No Variations]"
Added Component: Designator=U4(MODULE_ESP32-C3-WROOM-02-H4)
Add component (AddParameter): Name = "Availability"; Value = "In Stock"; VariantName = "[No Variations]"
Add component (AddParameter): Name = "Check_prices"; Value = "https://www.snapeda.com/parts/ESP32-C3-WROOM-02-N4/Espressif+Systems/view-part/?ref=eda"; VariantName = "[No Variations]"
Add component (AddParameter): Name = "MF"; Value = "Espressif Systems"; VariantName = "[No Variations]"
Add component (AddParameter): Name = "MP"; Value = "ESP32-C3-WROOM-02-N4"; VariantName = "[No Variations]"
Add component (AddParameter): Name = "Package"; Value = "Package"; VariantName = "[No Variations]"
Add component (AddParameter): Name = "Price"; Value = "None"; VariantName = "[No Variations]"
Add component (AddParameter): Name = "Purchase-URL"; Value = "https://pricing.snapeda.com/search/part/ESP32-C3-WROOM-02-N4/?ref=eda"; VariantName = "[No Variations]"
Add component (AddParameter): Name = "SnapEDA_Link"; Value = "https://www.snapeda.com/parts/ESP32-C3-WROOM-02-N4/Espressif+Systems/view-part/?ref=snap"; VariantName = "[No Variations]"
Add component (AddParameter): Name = "Value"; Value = ""; VariantName = "[No Variations]"
Added Component: Designator=U5(CP2102N-A02-GQFN28)
Added Component: Designator=U6(ZLDO1117QG33TA)
Added Pin To Net: NetName=3V3 Pin=C17-2
Added Pin To Net: NetName=3V3 Pin=U3-2
Added Pin To Net: NetName=3V3 Pin=U3-10
Added Net: Name=3V3
Added Pin To Net: NetName=GND Pin=B12-1
Added Pin To Net: NetName=GND Pin=BUTTON1-1
Added Pin To Net: NetName=GND Pin=BUTTON2-1
Added Pin To Net: NetName=GND Pin=C1-2
Added Pin To Net: NetName=GND Pin=C2-2
Added Pin To Net: NetName=GND Pin=C4-2
Added Pin To Net: NetName=GND Pin=C5-1
Added Pin To Net: NetName=GND Pin=C6-1
Added Pin To Net: NetName=GND Pin=C7-1
Added Pin To Net: NetName=GND Pin=C8-1
Added Pin To Net: NetName=GND Pin=C9-1
Added Pin To Net: NetName=GND Pin=C10-1
Added Pin To Net: NetName=GND Pin=C11-1
Added Pin To Net: NetName=GND Pin=C12-1
Added Pin To Net: NetName=GND Pin=C13-2
Added Pin To Net: NetName=GND Pin=C14-2
Added Pin To Net: NetName=GND Pin=C15-2
Added Pin To Net: NetName=GND Pin=C16-2
Added Pin To Net: NetName=GND Pin=C17-1
Added Pin To Net: NetName=GND Pin=C18-1
Added Pin To Net: NetName=GND Pin=C19-2
Added Pin To Net: NetName=GND Pin=C20-2
Added Pin To Net: NetName=GND Pin=C21-2
Added Pin To Net: NetName=GND Pin=C22-2
Added Pin To Net: NetName=GND Pin=C23-2
Added Pin To Net: NetName=GND Pin=C24-1
Added Pin To Net: NetName=GND Pin=C25-1
Added Pin To Net: NetName=GND Pin=D2-1
Added Pin To Net: NetName=GND Pin=D5-C
Added Pin To Net: NetName=GND Pin=D6-3
Added Pin To Net: NetName=GND Pin=D6-8
Added Pin To Net: NetName=GND Pin=J1-17
Added Pin To Net: NetName=GND Pin=J2-A1_B12
Added Pin To Net: NetName=GND Pin=J2-B1_A12
Added Pin To Net: NetName=GND Pin=J2-SH1
Added Pin To Net: NetName=GND Pin=J2-SH2
Added Pin To Net: NetName=GND Pin=J2-SH3
Added Pin To Net: NetName=GND Pin=J2-SH4
Added Pin To Net: NetName=GND Pin=P1-1
Added Pin To Net: NetName=GND Pin=P2-1
Added Pin To Net: NetName=GND Pin=Q2-E
Added Pin To Net: NetName=GND Pin=R1-2
Added Pin To Net: NetName=GND Pin=R2-2
Added Pin To Net: NetName=GND Pin=R3-1
Added Pin To Net: NetName=GND Pin=R7-1
Added Pin To Net: NetName=GND Pin=R8-2
Added Pin To Net: NetName=GND Pin=R9-1
Added Pin To Net: NetName=GND Pin=R10-1
Added Pin To Net: NetName=GND Pin=R11-1
Added Pin To Net: NetName=GND Pin=R23-2
Added Pin To Net: NetName=GND Pin=R26-2
Added Pin To Net: NetName=GND Pin=U2-2
Added Pin To Net: NetName=GND Pin=U3-11
Added Pin To Net: NetName=GND Pin=U4-9
Added Pin To Net: NetName=GND Pin=U4-19
Added Pin To Net: NetName=GND Pin=U4-20
Added Pin To Net: NetName=GND Pin=U4-21
Added Pin To Net: NetName=GND Pin=U4-22
Added Pin To Net: NetName=GND Pin=U4-23
Added Pin To Net: NetName=GND Pin=U4-24
Added Pin To Net: NetName=GND Pin=U4-25
Added Pin To Net: NetName=GND Pin=U4-26
Added Pin To Net: NetName=GND Pin=U4-27
Added Pin To Net: NetName=GND Pin=U4-28
Added Pin To Net: NetName=GND Pin=U4-29
Added Pin To Net: NetName=GND Pin=U4-30
Added Pin To Net: NetName=GND Pin=U4-31
Added Pin To Net: NetName=GND Pin=U4-32
Added Pin To Net: NetName=GND Pin=U4-33
Added Pin To Net: NetName=GND Pin=U4-34
Added Pin To Net: NetName=GND Pin=U4-35
Added Pin To Net: NetName=GND Pin=U4-36
Added Pin To Net: NetName=GND Pin=U4-37
Added Pin To Net: NetName=GND Pin=U4-38
Added Pin To Net: NetName=GND Pin=U4-39
Added Pin To Net: NetName=GND Pin=U5-3
Added Pin To Net: NetName=GND Pin=U5-29
Added Pin To Net: NetName=GND Pin=U6-1
Added Net: Name=GND
Added Pin To Net: NetName=NetB1_1 Pin=B1-1
Added Pin To Net: NetName=NetB1_1 Pin=U3-16
Added Pin To Net: NetName=NetB1_1 Pin=U4-10
Added Net: Name=NetB1_1
Added Pin To Net: NetName=NetB2_1 Pin=B2-1
Added Pin To Net: NetName=NetB2_1 Pin=U3-13
Added Pin To Net: NetName=NetB2_1 Pin=U4-14
Added Net: Name=NetB2_1
Added Pin To Net: NetName=NetB3_1 Pin=B3-1
Added Pin To Net: NetName=NetB3_1 Pin=R5-1
Added Pin To Net: NetName=NetB3_1 Pin=R6-2
Added Pin To Net: NetName=NetB3_1 Pin=U3-14
Added Pin To Net: NetName=NetB3_1 Pin=U4-13
Added Net: Name=NetB3_1
Added Pin To Net: NetName=NetB4_1 Pin=B4-1
Added Pin To Net: NetName=NetB4_1 Pin=U3-15
Added Pin To Net: NetName=NetB4_1 Pin=U4-4
Added Net: Name=NetB4_1
Added Pin To Net: NetName=NetB5_1 Pin=B5-1
Added Pin To Net: NetName=NetB5_1 Pin=U3-18
Added Pin To Net: NetName=NetB5_1 Pin=U4-6
Added Net: Name=NetB5_1
Added Pin To Net: NetName=NetB6_1 Pin=B6-1
Added Pin To Net: NetName=NetB6_1 Pin=U3-17
Added Pin To Net: NetName=NetB6_1 Pin=U4-5
Added Net: Name=NetB6_1
Added Pin To Net: NetName=NetB9_1 Pin=B9-1
Added Pin To Net: NetName=NetB9_1 Pin=P2-4
Added Pin To Net: NetName=NetB9_1 Pin=R22-2
Added Pin To Net: NetName=NetB9_1 Pin=U4-12
Added Net: Name=NetB9_1
Added Pin To Net: NetName=NetB11_1 Pin=B11-1
Added Pin To Net: NetName=NetB11_1 Pin=P2-3
Added Pin To Net: NetName=NetB11_1 Pin=R21-2
Added Pin To Net: NetName=NetB11_1 Pin=U4-11
Added Net: Name=NetB11_1
Added Pin To Net: NetName=NetBUTTON1_3 Pin=BUTTON1-3
Added Pin To Net: NetName=NetBUTTON1_3 Pin=C19-1
Added Pin To Net: NetName=NetBUTTON1_3 Pin=Q3-3
Added Pin To Net: NetName=NetBUTTON1_3 Pin=R15-1
Added Pin To Net: NetName=NetBUTTON1_3 Pin=U4-2
Added Net: Name=NetBUTTON1_3
Added Pin To Net: NetName=NetBUTTON2_3 Pin=BUTTON2-3
Added Pin To Net: NetName=NetBUTTON2_3 Pin=Q4-3
Added Pin To Net: NetName=NetBUTTON2_3 Pin=U4-8
Added Net: Name=NetBUTTON2_3
Added Pin To Net: NetName=NetC1_1 Pin=C1-1
Added Pin To Net: NetName=NetC1_1 Pin=D1-2
Added Pin To Net: NetName=NetC1_1 Pin=J1-23
Added Net: Name=NetC1_1
Added Pin To Net: NetName=NetC2_1 Pin=C2-1
Added Pin To Net: NetName=NetC2_1 Pin=D3-1
Added Pin To Net: NetName=NetC2_1 Pin=J1-21
Added Net: Name=NetC2_1
Added Pin To Net: NetName=NetC3_1 Pin=C3-1
Added Pin To Net: NetName=NetC3_1 Pin=D3-2
Added Pin To Net: NetName=NetC3_1 Pin=L1-1
Added Pin To Net: NetName=NetC3_1 Pin=Q1-3
Added Net: Name=NetC3_1
Added Pin To Net: NetName=NetC3_2 Pin=C3-2
Added Pin To Net: NetName=NetC3_2 Pin=D1-1
Added Pin To Net: NetName=NetC3_2 Pin=D2-2
Added Net: Name=NetC3_2
Added Pin To Net: NetName=NetC4_1 Pin=C4-1
Added Pin To Net: NetName=NetC4_1 Pin=C7-2
Added Pin To Net: NetName=NetC4_1 Pin=C13-1
Added Pin To Net: NetName=NetC4_1 Pin=J1-15
Added Pin To Net: NetName=NetC4_1 Pin=J1-16
Added Pin To Net: NetName=NetC4_1 Pin=L1-2
Added Pin To Net: NetName=NetC4_1 Pin=U2-5
Added Net: Name=NetC4_1
Added Pin To Net: NetName=NetC5_2 Pin=C5-2
Added Pin To Net: NetName=NetC5_2 Pin=J1-4
Added Net: Name=NetC5_2
Added Pin To Net: NetName=NetC6_2 Pin=C6-2
Added Pin To Net: NetName=NetC6_2 Pin=J1-5
Added Net: Name=NetC6_2
Added Pin To Net: NetName=NetC8_2 Pin=C8-2
Added Pin To Net: NetName=NetC8_2 Pin=J1-18
Added Net: Name=NetC8_2
Added Pin To Net: NetName=NetC9_2 Pin=C9-2
Added Pin To Net: NetName=NetC9_2 Pin=J1-19
Added Net: Name=NetC9_2
Added Pin To Net: NetName=NetC10_2 Pin=C10-2
Added Pin To Net: NetName=NetC10_2 Pin=J1-20
Added Net: Name=NetC10_2
Added Pin To Net: NetName=NetC11_2 Pin=C11-2
Added Pin To Net: NetName=NetC11_2 Pin=J1-22
Added Net: Name=NetC11_2
Added Pin To Net: NetName=NetC12_2 Pin=C12-2
Added Pin To Net: NetName=NetC12_2 Pin=J1-24
Added Net: Name=NetC12_2
Added Pin To Net: NetName=NetC15_1 Pin=C15-1
Added Pin To Net: NetName=NetC15_1 Pin=U2-4
Added Net: Name=NetC15_1
Added Pin To Net: NetName=NetC23_1 Pin=C23-1
Added Pin To Net: NetName=NetC23_1 Pin=R25-1
Added Pin To Net: NetName=NetC23_1 Pin=R26-1
Added Pin To Net: NetName=NetC23_1 Pin=U5-8
Added Net: Name=NetC23_1
Added Pin To Net: NetName=NetC24_2 Pin=C24-2
Added Pin To Net: NetName=NetC24_2 Pin=R28-2
Added Pin To Net: NetName=NetC24_2 Pin=U6-3
Added Net: Name=NetC24_2
Added Pin To Net: NetName=NetC25_2 Pin=C25-2
Added Pin To Net: NetName=NetC25_2 Pin=R27-1
Added Pin To Net: NetName=NetC25_2 Pin=U6-2
Added Pin To Net: NetName=NetC25_2 Pin=U6-4
Added Net: Name=NetC25_2
Added Pin To Net: NetName=NetD5_A Pin=D5-A
Added Pin To Net: NetName=NetD5_A Pin=R14-1
Added Net: Name=NetD5_A
Added Pin To Net: NetName=NetJ1_2 Pin=J1-2
Added Pin To Net: NetName=NetJ1_2 Pin=Q1-1
Added Pin To Net: NetName=NetJ1_2 Pin=R1-1
Added Net: Name=NetJ1_2
Added Pin To Net: NetName=NetJ1_3 Pin=J1-3
Added Pin To Net: NetName=NetJ1_3 Pin=Q1-2
Added Pin To Net: NetName=NetJ1_3 Pin=R2-1
Added Net: Name=NetJ1_3
Added Pin To Net: NetName=NetJ1_8 Pin=J1-8
Added Pin To Net: NetName=NetJ1_8 Pin=R3-2
Added Net: Name=NetJ1_8
Added Pin To Net: NetName=NetJ1_9 Pin=J1-9
Added Pin To Net: NetName=NetJ1_9 Pin=U3-8
Added Net: Name=NetJ1_9
Added Pin To Net: NetName=NetJ1_11 Pin=J1-11
Added Pin To Net: NetName=NetJ1_11 Pin=U3-6
Added Net: Name=NetJ1_11
Added Pin To Net: NetName=NetJ1_12 Pin=J1-12
Added Pin To Net: NetName=NetJ1_12 Pin=U3-5
Added Net: Name=NetJ1_12
Added Pin To Net: NetName=NetJ1_13 Pin=J1-13
Added Pin To Net: NetName=NetJ1_13 Pin=U3-4
Added Net: Name=NetJ1_13
Added Pin To Net: NetName=NetJ1_14 Pin=J1-14
Added Pin To Net: NetName=NetJ1_14 Pin=U3-3
Added Net: Name=NetJ1_14
Added Pin To Net: NetName=NetJ2_A5 Pin=J2-A5
Added Pin To Net: NetName=NetJ2_A5 Pin=R10-2
Added Net: Name=NetJ2_A5
Added Pin To Net: NetName=NetJ2_B5 Pin=J2-B5
Added Pin To Net: NetName=NetJ2_B5 Pin=R11-2
Added Net: Name=NetJ2_B5
Added Pin To Net: NetName=NetP1_2 Pin=P1-2
Added Pin To Net: NetName=NetP1_2 Pin=R16-1
Added Pin To Net: NetName=NetP1_2 Pin=U5-5
Added Net: Name=NetP1_2
Added Pin To Net: NetName=NetP1_3 Pin=P1-3
Added Pin To Net: NetName=NetP1_3 Pin=R13-1
Added Pin To Net: NetName=NetP1_3 Pin=U5-4
Added Net: Name=NetP1_3
Added Pin To Net: NetName=NetP2_2 Pin=P2-2
Added Pin To Net: NetName=NetP2_2 Pin=Q3-2
Added Pin To Net: NetName=NetP2_2 Pin=R17-1
Added Pin To Net: NetName=NetP2_2 Pin=R30-2
Added Net: Name=NetP2_2
Added Pin To Net: NetName=NetP2_5 Pin=P2-5
Added Pin To Net: NetName=NetP2_5 Pin=Q4-2
Added Pin To Net: NetName=NetP2_5 Pin=R12-1
Added Pin To Net: NetName=NetP2_5 Pin=R29-2
Added Net: Name=NetP2_5
Added Pin To Net: NetName=NetQ2_B Pin=Q2-B
Added Pin To Net: NetName=NetQ2_B Pin=R5-2
Added Pin To Net: NetName=NetQ2_B Pin=R7-2
Added Net: Name=NetQ2_B
Added Pin To Net: NetName=NetQ2_C Pin=Q2-C
Added Pin To Net: NetName=NetQ2_C Pin=R4-1
Added Pin To Net: NetName=NetQ2_C Pin=U1-1
Added Net: Name=NetQ2_C
Added Pin To Net: NetName=NetQ3_1 Pin=Q3-1
Added Pin To Net: NetName=NetQ3_1 Pin=R12-2
Added Net: Name=NetQ3_1
Added Pin To Net: NetName=NetQ4_1 Pin=Q4-1
Added Pin To Net: NetName=NetQ4_1 Pin=R17-2
Added Net: Name=NetQ4_1
Added Pin To Net: NetName=NetR4_2 Pin=R4-2
Added Pin To Net: NetName=NetR4_2 Pin=U1-2
Added Net: Name=NetR4_2
Added Pin To Net: NetName=NetR6_1 Pin=R6-1
Added Pin To Net: NetName=NetR6_1 Pin=R8-1
Added Pin To Net: NetName=NetR6_1 Pin=R9-2
Added Pin To Net: NetName=NetR6_1 Pin=U2-3
Added Net: Name=NetR6_1
Added Pin To Net: NetName=NetR21_1 Pin=R21-1
Added Pin To Net: NetName=NetR21_1 Pin=U5-26
Added Net: Name=NetR21_1
Added Pin To Net: NetName=NetR22_1 Pin=R22-1
Added Pin To Net: NetName=NetR22_1 Pin=U5-25
Added Net: Name=NetR22_1
Added Pin To Net: NetName=NetR23_1 Pin=R23-1
Added Pin To Net: NetName=NetR23_1 Pin=U5-11
Added Net: Name=NetR23_1
Added Pin To Net: NetName=NetR24_1 Pin=R24-1
Added Pin To Net: NetName=NetR24_1 Pin=U5-9
Added Net: Name=NetR24_1
Added Pin To Net: NetName=NetR29_1 Pin=R29-1
Added Pin To Net: NetName=NetR29_1 Pin=U5-28
Added Net: Name=NetR29_1
Added Pin To Net: NetName=NetR30_1 Pin=R30-1
Added Pin To Net: NetName=NetR30_1 Pin=U5-24
Added Net: Name=NetR30_1
Added Pin To Net: NetName=RST Pin=J1-10
Added Pin To Net: NetName=RST Pin=U3-7
Added Net: Name=RST
Added Pin To Net: NetName=USB_5V Pin=B13-1
Added Pin To Net: NetName=USB_5V Pin=C18-2
Added Pin To Net: NetName=USB_5V Pin=D4-C
Added Pin To Net: NetName=USB_5V Pin=R28-1
Added Net: Name=USB_5V
Added Pin To Net: NetName=USB_D+ Pin=D6-1
Added Pin To Net: NetName=USB_D+ Pin=D6-10
Added Pin To Net: NetName=USB_D+ Pin=J2-A6
Added Pin To Net: NetName=USB_D+ Pin=J2-B6
Added Pin To Net: NetName=USB_D+ Pin=R13-2
Added Net: Name=USB_D+
Added Pin To Net: NetName=USB_D- Pin=D6-2
Added Pin To Net: NetName=USB_D- Pin=D6-9
Added Pin To Net: NetName=USB_D- Pin=J2-A7
Added Pin To Net: NetName=USB_D- Pin=J2-B7
Added Net: Name=USB_D-
Added Pin To Net: NetName=VBUS_USB Pin=D4-A
Added Pin To Net: NetName=VBUS_USB Pin=D6-4
Added Pin To Net: NetName=VBUS_USB Pin=D6-7
Added Pin To Net: NetName=VBUS_USB Pin=J2-A4_B9
Added Pin To Net: NetName=VBUS_USB Pin=J2-B4_A9
Added Pin To Net: NetName=VBUS_USB Pin=R18-2
Added Net: Name=VBUS_USB
Added Pin To Net: NetName=VBUS Pin=P1-5
Added Pin To Net: NetName=VBUS Pin=R18-1
Added Pin To Net: NetName=VBUS Pin=R25-2
Added Net: Name=VBUS
Added Pin To Net: NetName=VCC Pin=C14-1
Added Pin To Net: NetName=VCC Pin=C16-1
Added Pin To Net: NetName=VCC Pin=U1-3
Added Pin To Net: NetName=VCC Pin=U2-1
Added Pin To Net: NetName=VCC Pin=U3-19
Added Net: Name=VCC
Added Pin To Net: NetName=VDD_3V3 Pin=B10-1
Added Pin To Net: NetName=VDD_3V3 Pin=C20-1
Added Pin To Net: NetName=VDD_3V3 Pin=C21-1
Added Pin To Net: NetName=VDD_3V3 Pin=C22-1
Added Pin To Net: NetName=VDD_3V3 Pin=P1-4
Added Pin To Net: NetName=VDD_3V3 Pin=P2-6
Added Pin To Net: NetName=VDD_3V3 Pin=R14-2
Added Pin To Net: NetName=VDD_3V3 Pin=R15-2
Added Pin To Net: NetName=VDD_3V3 Pin=R24-2
Added Pin To Net: NetName=VDD_3V3 Pin=R27-2
Added Pin To Net: NetName=VDD_3V3 Pin=U4-1
Added Pin To Net: NetName=VDD_3V3 Pin=U5-6
Added Pin To Net: NetName=VDD_3V3 Pin=U5-7
Added Net: Name=VDD_3V3
Added Class: Name=4.2inchdisplay
Added Class: Name=microcontroller_board1
Added Room: Name=4.2inchdisplay
Added Room: Name=microcontroller_board1
